0 info it worked if it ends with ok
1 verbose cli [ '/usr/bin/nodejs',
1 verbose cli   '/usr/bin/npm',
1 verbose cli   'install',
1 verbose cli   'mocha',
1 verbose cli   'chai',
1 verbose cli   '--save-dev' ]
2 info using npm@3.5.2
3 info using node@v4.2.6
4 silly loadCurrentTree Starting
5 silly install loadCurrentTree
6 silly install readLocalPackageData
7 silly fetchPackageMetaData mocha
8 silly fetchPackageMetaData chai
9 silly fetchNamedPackageData mocha
10 silly mapToRegistry name mocha
11 silly mapToRegistry using default registry
12 silly mapToRegistry registry https://registry.npmjs.org/
13 silly mapToRegistry uri https://registry.npmjs.org/mocha
14 silly fetchNamedPackageData chai
15 silly mapToRegistry name chai
16 silly mapToRegistry using default registry
17 silly mapToRegistry registry https://registry.npmjs.org/
18 silly mapToRegistry uri https://registry.npmjs.org/chai
19 verbose request uri https://registry.npmjs.org/chai
20 verbose request no auth needed
21 info attempt registry request try #1 at 3:21:33 AM
22 verbose request using bearer token for auth
23 verbose request id 1ab109759a81c026
24 verbose etag W/"ab73e9196f46692773641fd5c041ebd7"
25 verbose lastModified Thu, 25 Nov 2021 16:21:45 GMT
26 http request GET https://registry.npmjs.org/chai
27 verbose request uri https://registry.npmjs.org/mocha
28 verbose request no auth needed
29 info attempt registry request try #1 at 3:21:33 AM
30 verbose request using bearer token for auth
31 verbose etag W/"814643023cdfe38342d8ad120907f47a"
32 verbose lastModified Thu, 25 Nov 2021 16:21:43 GMT
33 http request GET https://registry.npmjs.org/mocha
34 http 200 https://registry.npmjs.org/chai
35 verbose headers { date: 'Sat, 11 Dec 2021 03:23:31 GMT',
35 verbose headers   'content-type': 'application/json',
35 verbose headers   'transfer-encoding': 'chunked',
35 verbose headers   connection: 'keep-alive',
35 verbose headers   'cf-ray': '6bbb9842cc982b27-ORD',
35 verbose headers   age: '92',
35 verbose headers   'cache-control': 'public, max-age=300',
35 verbose headers   etag: 'W/"7a22a506fc7a2577e9adfe866f5a3675"',
35 verbose headers   'last-modified': 'Thu, 09 Dec 2021 02:45:11 GMT',
35 verbose headers   vary: 'accept-encoding, accept',
35 verbose headers   'cf-cache-status': 'HIT',
35 verbose headers   'expect-ct': 'max-age=604800, report-uri="https://report-uri.cloudflare.com/cdn-cgi/beacon/expect-ct"',
35 verbose headers   'x-amz-replication-status': 'PENDING',
35 verbose headers   server: 'cloudflare',
35 verbose headers   'content-encoding': 'gzip' }
36 silly get cb [ 200,
36 silly get   { date: 'Sat, 11 Dec 2021 03:23:31 GMT',
36 silly get     'content-type': 'application/json',
36 silly get     'transfer-encoding': 'chunked',
36 silly get     connection: 'keep-alive',
36 silly get     'cf-ray': '6bbb9842cc982b27-ORD',
36 silly get     age: '92',
36 silly get     'cache-control': 'public, max-age=300',
36 silly get     etag: 'W/"7a22a506fc7a2577e9adfe866f5a3675"',
36 silly get     'last-modified': 'Thu, 09 Dec 2021 02:45:11 GMT',
36 silly get     vary: 'accept-encoding, accept',
36 silly get     'cf-cache-status': 'HIT',
36 silly get     'expect-ct': 'max-age=604800, report-uri="https://report-uri.cloudflare.com/cdn-cgi/beacon/expect-ct"',
36 silly get     'x-amz-replication-status': 'PENDING',
36 silly get     server: 'cloudflare',
36 silly get     'content-encoding': 'gzip' } ]
37 verbose get saving chai to /home/vagrant/.npm/registry.npmjs.org/chai/.cache.json
38 http 200 https://registry.npmjs.org/mocha
39 verbose headers { date: 'Sat, 11 Dec 2021 03:23:31 GMT',
39 verbose headers   'content-type': 'application/json',
39 verbose headers   'transfer-encoding': 'chunked',
39 verbose headers   connection: 'keep-alive',
39 verbose headers   'cf-ray': '6bbb9842c8102d70-ORD',
39 verbose headers   'cache-control': 'public, max-age=300',
39 verbose headers   etag: 'W/"b73e5a9c611dab1228461e5f78fb1b82"',
39 verbose headers   'last-modified': 'Thu, 09 Dec 2021 02:45:10 GMT',
39 verbose headers   vary: 'accept-encoding, accept',
39 verbose headers   'cf-cache-status': 'REVALIDATED',
39 verbose headers   'expect-ct': 'max-age=604800, report-uri="https://report-uri.cloudflare.com/cdn-cgi/beacon/expect-ct"',
39 verbose headers   'x-amz-replication-status': 'PENDING',
39 verbose headers   server: 'cloudflare',
39 verbose headers   'content-encoding': 'gzip' }
40 silly get cb [ 200,
40 silly get   { date: 'Sat, 11 Dec 2021 03:23:31 GMT',
40 silly get     'content-type': 'application/json',
40 silly get     'transfer-encoding': 'chunked',
40 silly get     connection: 'keep-alive',
40 silly get     'cf-ray': '6bbb9842c8102d70-ORD',
40 silly get     'cache-control': 'public, max-age=300',
40 silly get     etag: 'W/"b73e5a9c611dab1228461e5f78fb1b82"',
40 silly get     'last-modified': 'Thu, 09 Dec 2021 02:45:10 GMT',
40 silly get     vary: 'accept-encoding, accept',
40 silly get     'cf-cache-status': 'REVALIDATED',
40 silly get     'expect-ct': 'max-age=604800, report-uri="https://report-uri.cloudflare.com/cdn-cgi/beacon/expect-ct"',
40 silly get     'x-amz-replication-status': 'PENDING',
40 silly get     server: 'cloudflare',
40 silly get     'content-encoding': 'gzip' } ]
41 verbose get saving mocha to /home/vagrant/.npm/registry.npmjs.org/mocha/.cache.json
42 silly install normalizeTree
43 silly loadCurrentTree Finishing
44 silly loadIdealTree Starting
45 silly install loadIdealTree
46 silly cloneCurrentTree Starting
47 silly install cloneCurrentTreeToIdealTree
48 silly cloneCurrentTree Finishing
49 silly loadShrinkwrap Starting
50 silly install loadShrinkwrap
51 silly loadShrinkwrap Finishing
52 silly loadAllDepsIntoIdealTree Starting
53 silly install loadAllDepsIntoIdealTree
54 silly resolveWithNewModule chai@4.3.4 checking installable status
55 silly cache add args [ 'chai', null ]
56 verbose cache add spec chai
57 silly resolveWithNewModule mocha@9.1.3 checking installable status
58 silly cache add args [ 'mocha', null ]
59 verbose cache add spec mocha
60 silly cache add parsed spec Result {
60 silly cache add   raw: 'chai',
60 silly cache add   scope: null,
60 silly cache add   name: 'chai',
60 silly cache add   rawSpec: '',
60 silly cache add   spec: 'latest',
60 silly cache add   type: 'tag' }
61 silly addNamed chai@latest
62 verbose addNamed "latest" is being treated as a dist-tag for chai
63 info addNameTag [ 'chai', 'latest' ]
64 silly mapToRegistry name chai
65 silly mapToRegistry using default registry
66 silly mapToRegistry registry https://registry.npmjs.org/
67 silly mapToRegistry uri https://registry.npmjs.org/chai
68 verbose addNameTag registry:https://registry.npmjs.org/chai not in flight; fetching
69 silly cache add parsed spec Result {
69 silly cache add   raw: 'mocha',
69 silly cache add   scope: null,
69 silly cache add   name: 'mocha',
69 silly cache add   rawSpec: '',
69 silly cache add   spec: 'latest',
69 silly cache add   type: 'tag' }
70 silly addNamed mocha@latest
71 verbose addNamed "latest" is being treated as a dist-tag for mocha
72 info addNameTag [ 'mocha', 'latest' ]
73 silly mapToRegistry name mocha
74 silly mapToRegistry using default registry
75 silly mapToRegistry registry https://registry.npmjs.org/
76 silly mapToRegistry uri https://registry.npmjs.org/mocha
77 verbose addNameTag registry:https://registry.npmjs.org/mocha not in flight; fetching
78 verbose get https://registry.npmjs.org/chai not expired, no request
79 silly addNameTag next cb for chai with tag latest
80 silly addNamed chai@4.3.4
81 verbose addNamed "4.3.4" is a plain semver version for chai
82 verbose get https://registry.npmjs.org/mocha not expired, no request
83 silly addNameTag next cb for mocha with tag latest
84 silly addNamed mocha@9.1.3
85 verbose addNamed "9.1.3" is a plain semver version for mocha
86 silly cache afterAdd chai@4.3.4
87 verbose afterAdd /home/vagrant/.npm/chai/4.3.4/package/package.json not in flight; writing
88 silly cache afterAdd mocha@9.1.3
89 verbose afterAdd /home/vagrant/.npm/mocha/9.1.3/package/package.json not in flight; writing
90 verbose afterAdd /home/vagrant/.npm/chai/4.3.4/package/package.json written
91 verbose afterAdd /home/vagrant/.npm/mocha/9.1.3/package/package.json written
92 silly fetchNamedPackageData assertion-error
93 silly mapToRegistry name assertion-error
94 silly mapToRegistry using default registry
95 silly mapToRegistry registry https://registry.npmjs.org/
96 silly mapToRegistry uri https://registry.npmjs.org/assertion-error
97 silly fetchNamedPackageData check-error
98 silly mapToRegistry name check-error
99 silly mapToRegistry using default registry
100 silly mapToRegistry registry https://registry.npmjs.org/
101 silly mapToRegistry uri https://registry.npmjs.org/check-error
102 silly fetchNamedPackageData deep-eql
103 silly mapToRegistry name deep-eql
104 silly mapToRegistry using default registry
105 silly mapToRegistry registry https://registry.npmjs.org/
106 silly mapToRegistry uri https://registry.npmjs.org/deep-eql
107 silly fetchNamedPackageData get-func-name
108 silly mapToRegistry name get-func-name
109 silly mapToRegistry using default registry
110 silly mapToRegistry registry https://registry.npmjs.org/
111 silly mapToRegistry uri https://registry.npmjs.org/get-func-name
112 silly fetchNamedPackageData pathval
113 silly mapToRegistry name pathval
114 silly mapToRegistry using default registry
115 silly mapToRegistry registry https://registry.npmjs.org/
116 silly mapToRegistry uri https://registry.npmjs.org/pathval
117 silly fetchNamedPackageData type-detect
118 silly mapToRegistry name type-detect
119 silly mapToRegistry using default registry
120 silly mapToRegistry registry https://registry.npmjs.org/
121 silly mapToRegistry uri https://registry.npmjs.org/type-detect
122 verbose request uri https://registry.npmjs.org/assertion-error
123 verbose request no auth needed
124 info attempt registry request try #1 at 3:21:34 AM
125 verbose request using bearer token for auth
126 verbose etag W/"8bdafc6d9c40123f467e98dc87d0aa7b"
127 verbose lastModified Tue, 05 Oct 2021 15:20:52 GMT
128 http request GET https://registry.npmjs.org/assertion-error
129 verbose request uri https://registry.npmjs.org/check-error
130 verbose request no auth needed
131 info attempt registry request try #1 at 3:21:34 AM
132 verbose request using bearer token for auth
133 verbose etag W/"f318351c1d21988b76d047d76992757d"
134 verbose lastModified Sat, 26 May 2018 19:43:32 GMT
135 http request GET https://registry.npmjs.org/check-error
136 verbose request uri https://registry.npmjs.org/deep-eql
137 verbose request no auth needed
138 info attempt registry request try #1 at 3:21:34 AM
139 verbose request using bearer token for auth
140 verbose etag W/"3ddc5232b8254c29149c788804cfdfcc"
141 verbose lastModified Wed, 02 Jan 2019 20:18:45 GMT
142 http request GET https://registry.npmjs.org/deep-eql
143 verbose request uri https://registry.npmjs.org/pathval
144 verbose request no auth needed
145 info attempt registry request try #1 at 3:21:34 AM
146 verbose request using bearer token for auth
147 verbose etag W/"c4a192cc186fc9573cdcac2000644720"
148 verbose lastModified Tue, 26 Jan 2021 10:18:40 GMT
149 http request GET https://registry.npmjs.org/pathval
150 verbose request uri https://registry.npmjs.org/get-func-name
151 verbose request no auth needed
152 info attempt registry request try #1 at 3:21:34 AM
153 verbose request using bearer token for auth
154 verbose etag W/"4505f9e43b2f49cf90f381035726dc84"
155 verbose lastModified Sun, 27 May 2018 02:11:09 GMT
156 http request GET https://registry.npmjs.org/get-func-name
157 verbose request uri https://registry.npmjs.org/type-detect
158 verbose request no auth needed
159 info attempt registry request try #1 at 3:21:34 AM
160 verbose request using bearer token for auth
161 verbose etag W/"553e1432ff1d7c89b6e259a1b24c4e1f"
162 verbose lastModified Sun, 27 May 2018 20:08:55 GMT
163 http request GET https://registry.npmjs.org/type-detect
164 http 304 https://registry.npmjs.org/check-error
165 verbose headers { date: 'Sat, 11 Dec 2021 03:23:32 GMT',
165 verbose headers   connection: 'keep-alive',
165 verbose headers   'cf-ray': '6bbb984a8bd429fa-ORD',
165 verbose headers   age: '62',
165 verbose headers   'cache-control': 'public, max-age=300',
165 verbose headers   etag: '"f318351c1d21988b76d047d76992757d"',
165 verbose headers   'last-modified': 'Sat, 26 May 2018 19:43:32 GMT',
165 verbose headers   vary: 'Accept-Encoding',
165 verbose headers   'cf-cache-status': 'HIT',
165 verbose headers   'expect-ct': 'max-age=604800, report-uri="https://report-uri.cloudflare.com/cdn-cgi/beacon/expect-ct"',
165 verbose headers   server: 'cloudflare' }
166 silly get cb [ 304,
166 silly get   { date: 'Sat, 11 Dec 2021 03:23:32 GMT',
166 silly get     connection: 'keep-alive',
166 silly get     'cf-ray': '6bbb984a8bd429fa-ORD',
166 silly get     age: '62',
166 silly get     'cache-control': 'public, max-age=300',
166 silly get     etag: '"f318351c1d21988b76d047d76992757d"',
166 silly get     'last-modified': 'Sat, 26 May 2018 19:43:32 GMT',
166 silly get     vary: 'Accept-Encoding',
166 silly get     'cf-cache-status': 'HIT',
166 silly get     'expect-ct': 'max-age=604800, report-uri="https://report-uri.cloudflare.com/cdn-cgi/beacon/expect-ct"',
166 silly get     server: 'cloudflare' } ]
167 verbose etag https://registry.npmjs.org/check-error from cache
168 verbose get saving check-error to /home/vagrant/.npm/registry.npmjs.org/check-error/.cache.json
169 http 304 https://registry.npmjs.org/assertion-error
170 verbose headers { date: 'Sat, 11 Dec 2021 03:23:32 GMT',
170 verbose headers   connection: 'keep-alive',
170 verbose headers   'cf-ray': '6bbb984aa84de1fa-ORD',
170 verbose headers   age: '249',
170 verbose headers   'cache-control': 'public, max-age=300',
170 verbose headers   etag: '"8bdafc6d9c40123f467e98dc87d0aa7b"',
170 verbose headers   'last-modified': 'Tue, 05 Oct 2021 15:20:52 GMT',
170 verbose headers   vary: 'Accept-Encoding',
170 verbose headers   'cf-cache-status': 'HIT',
170 verbose headers   'expect-ct': 'max-age=604800, report-uri="https://report-uri.cloudflare.com/cdn-cgi/beacon/expect-ct"',
170 verbose headers   'x-amz-replication-status': 'PENDING',
170 verbose headers   server: 'cloudflare' }
171 silly get cb [ 304,
171 silly get   { date: 'Sat, 11 Dec 2021 03:23:32 GMT',
171 silly get     connection: 'keep-alive',
171 silly get     'cf-ray': '6bbb984aa84de1fa-ORD',
171 silly get     age: '249',
171 silly get     'cache-control': 'public, max-age=300',
171 silly get     etag: '"8bdafc6d9c40123f467e98dc87d0aa7b"',
171 silly get     'last-modified': 'Tue, 05 Oct 2021 15:20:52 GMT',
171 silly get     vary: 'Accept-Encoding',
171 silly get     'cf-cache-status': 'HIT',
171 silly get     'expect-ct': 'max-age=604800, report-uri="https://report-uri.cloudflare.com/cdn-cgi/beacon/expect-ct"',
171 silly get     'x-amz-replication-status': 'PENDING',
171 silly get     server: 'cloudflare' } ]
172 verbose etag https://registry.npmjs.org/assertion-error from cache
173 verbose get saving assertion-error to /home/vagrant/.npm/registry.npmjs.org/assertion-error/.cache.json
174 http 304 https://registry.npmjs.org/deep-eql
175 verbose headers { date: 'Sat, 11 Dec 2021 03:23:32 GMT',
175 verbose headers   connection: 'keep-alive',
175 verbose headers   'cf-ray': '6bbb984aaa6fc554-ORD',
175 verbose headers   age: '188',
175 verbose headers   'cache-control': 'public, max-age=300',
175 verbose headers   etag: '"3ddc5232b8254c29149c788804cfdfcc"',
175 verbose headers   'last-modified': 'Wed, 02 Jan 2019 20:18:45 GMT',
175 verbose headers   vary: 'Accept-Encoding',
175 verbose headers   'cf-cache-status': 'HIT',
175 verbose headers   'expect-ct': 'max-age=604800, report-uri="https://report-uri.cloudflare.com/cdn-cgi/beacon/expect-ct"',
175 verbose headers   server: 'cloudflare' }
176 silly get cb [ 304,
176 silly get   { date: 'Sat, 11 Dec 2021 03:23:32 GMT',
176 silly get     connection: 'keep-alive',
176 silly get     'cf-ray': '6bbb984aaa6fc554-ORD',
176 silly get     age: '188',
176 silly get     'cache-control': 'public, max-age=300',
176 silly get     etag: '"3ddc5232b8254c29149c788804cfdfcc"',
176 silly get     'last-modified': 'Wed, 02 Jan 2019 20:18:45 GMT',
176 silly get     vary: 'Accept-Encoding',
176 silly get     'cf-cache-status': 'HIT',
176 silly get     'expect-ct': 'max-age=604800, report-uri="https://report-uri.cloudflare.com/cdn-cgi/beacon/expect-ct"',
176 silly get     server: 'cloudflare' } ]
177 verbose etag https://registry.npmjs.org/deep-eql from cache
178 verbose get saving deep-eql to /home/vagrant/.npm/registry.npmjs.org/deep-eql/.cache.json
179 http 304 https://registry.npmjs.org/pathval
180 verbose headers { date: 'Sat, 11 Dec 2021 03:23:32 GMT',
180 verbose headers   connection: 'keep-alive',
180 verbose headers   'cf-ray': '6bbb984ac9fb2db2-ORD',
180 verbose headers   age: '45',
180 verbose headers   'cache-control': 'public, max-age=300',
180 verbose headers   etag: '"c4a192cc186fc9573cdcac2000644720"',
180 verbose headers   'last-modified': 'Tue, 26 Jan 2021 10:18:40 GMT',
180 verbose headers   vary: 'Accept-Encoding',
180 verbose headers   'cf-cache-status': 'HIT',
180 verbose headers   'expect-ct': 'max-age=604800, report-uri="https://report-uri.cloudflare.com/cdn-cgi/beacon/expect-ct"',
180 verbose headers   server: 'cloudflare' }
181 silly get cb [ 304,
181 silly get   { date: 'Sat, 11 Dec 2021 03:23:32 GMT',
181 silly get     connection: 'keep-alive',
181 silly get     'cf-ray': '6bbb984ac9fb2db2-ORD',
181 silly get     age: '45',
181 silly get     'cache-control': 'public, max-age=300',
181 silly get     etag: '"c4a192cc186fc9573cdcac2000644720"',
181 silly get     'last-modified': 'Tue, 26 Jan 2021 10:18:40 GMT',
181 silly get     vary: 'Accept-Encoding',
181 silly get     'cf-cache-status': 'HIT',
181 silly get     'expect-ct': 'max-age=604800, report-uri="https://report-uri.cloudflare.com/cdn-cgi/beacon/expect-ct"',
181 silly get     server: 'cloudflare' } ]
182 verbose etag https://registry.npmjs.org/pathval from cache
183 verbose get saving pathval to /home/vagrant/.npm/registry.npmjs.org/pathval/.cache.json
184 http 304 https://registry.npmjs.org/type-detect
185 verbose headers { date: 'Sat, 11 Dec 2021 03:23:32 GMT',
185 verbose headers   connection: 'keep-alive',
185 verbose headers   'cf-ray': '6bbb984acad2616e-ORD',
185 verbose headers   age: '93',
185 verbose headers   'cache-control': 'public, max-age=300',
185 verbose headers   etag: '"553e1432ff1d7c89b6e259a1b24c4e1f"',
185 verbose headers   'last-modified': 'Sun, 27 May 2018 20:08:55 GMT',
185 verbose headers   vary: 'Accept-Encoding',
185 verbose headers   'cf-cache-status': 'HIT',
185 verbose headers   'expect-ct': 'max-age=604800, report-uri="https://report-uri.cloudflare.com/cdn-cgi/beacon/expect-ct"',
185 verbose headers   server: 'cloudflare' }
186 silly get cb [ 304,
186 silly get   { date: 'Sat, 11 Dec 2021 03:23:32 GMT',
186 silly get     connection: 'keep-alive',
186 silly get     'cf-ray': '6bbb984acad2616e-ORD',
186 silly get     age: '93',
186 silly get     'cache-control': 'public, max-age=300',
186 silly get     etag: '"553e1432ff1d7c89b6e259a1b24c4e1f"',
186 silly get     'last-modified': 'Sun, 27 May 2018 20:08:55 GMT',
186 silly get     vary: 'Accept-Encoding',
186 silly get     'cf-cache-status': 'HIT',
186 silly get     'expect-ct': 'max-age=604800, report-uri="https://report-uri.cloudflare.com/cdn-cgi/beacon/expect-ct"',
186 silly get     server: 'cloudflare' } ]
187 verbose etag https://registry.npmjs.org/type-detect from cache
188 verbose get saving type-detect to /home/vagrant/.npm/registry.npmjs.org/type-detect/.cache.json
189 http 304 https://registry.npmjs.org/get-func-name
190 verbose headers { date: 'Sat, 11 Dec 2021 03:23:32 GMT',
190 verbose headers   connection: 'keep-alive',
190 verbose headers   'cf-ray': '6bbb984ad88d6321-ORD',
190 verbose headers   age: '190',
190 verbose headers   'cache-control': 'public, max-age=300',
190 verbose headers   etag: '"4505f9e43b2f49cf90f381035726dc84"',
190 verbose headers   'last-modified': 'Sun, 27 May 2018 02:11:09 GMT',
190 verbose headers   vary: 'Accept-Encoding',
190 verbose headers   'cf-cache-status': 'HIT',
190 verbose headers   'expect-ct': 'max-age=604800, report-uri="https://report-uri.cloudflare.com/cdn-cgi/beacon/expect-ct"',
190 verbose headers   server: 'cloudflare' }
191 silly get cb [ 304,
191 silly get   { date: 'Sat, 11 Dec 2021 03:23:32 GMT',
191 silly get     connection: 'keep-alive',
191 silly get     'cf-ray': '6bbb984ad88d6321-ORD',
191 silly get     age: '190',
191 silly get     'cache-control': 'public, max-age=300',
191 silly get     etag: '"4505f9e43b2f49cf90f381035726dc84"',
191 silly get     'last-modified': 'Sun, 27 May 2018 02:11:09 GMT',
191 silly get     vary: 'Accept-Encoding',
191 silly get     'cf-cache-status': 'HIT',
191 silly get     'expect-ct': 'max-age=604800, report-uri="https://report-uri.cloudflare.com/cdn-cgi/beacon/expect-ct"',
191 silly get     server: 'cloudflare' } ]
192 verbose etag https://registry.npmjs.org/get-func-name from cache
193 verbose get saving get-func-name to /home/vagrant/.npm/registry.npmjs.org/get-func-name/.cache.json
194 silly resolveWithNewModule assertion-error@1.1.0 checking installable status
195 silly cache add args [ 'assertion-error@^1.1.0', null ]
196 verbose cache add spec assertion-error@^1.1.0
197 silly cache add parsed spec Result {
197 silly cache add   raw: 'assertion-error@^1.1.0',
197 silly cache add   scope: null,
197 silly cache add   name: 'assertion-error',
197 silly cache add   rawSpec: '^1.1.0',
197 silly cache add   spec: '>=1.1.0 <2.0.0',
197 silly cache add   type: 'range' }
198 silly addNamed assertion-error@>=1.1.0 <2.0.0
199 verbose addNamed ">=1.1.0 <2.0.0" is a valid semver range for assertion-error
200 silly addNameRange { name: 'assertion-error',
200 silly addNameRange   range: '>=1.1.0 <2.0.0',
200 silly addNameRange   hasData: false }
201 silly mapToRegistry name assertion-error
202 silly mapToRegistry using default registry
203 silly mapToRegistry registry https://registry.npmjs.org/
204 silly mapToRegistry uri https://registry.npmjs.org/assertion-error
205 verbose addNameRange registry:https://registry.npmjs.org/assertion-error not in flight; fetching
206 silly resolveWithNewModule check-error@1.0.2 checking installable status
207 silly cache add args [ 'check-error@^1.0.2', null ]
208 verbose cache add spec check-error@^1.0.2
209 silly cache add parsed spec Result {
209 silly cache add   raw: 'check-error@^1.0.2',
209 silly cache add   scope: null,
209 silly cache add   name: 'check-error',
209 silly cache add   rawSpec: '^1.0.2',
209 silly cache add   spec: '>=1.0.2 <2.0.0',
209 silly cache add   type: 'range' }
210 silly addNamed check-error@>=1.0.2 <2.0.0
211 verbose addNamed ">=1.0.2 <2.0.0" is a valid semver range for check-error
212 silly addNameRange { name: 'check-error', range: '>=1.0.2 <2.0.0', hasData: false }
213 silly mapToRegistry name check-error
214 silly mapToRegistry using default registry
215 silly mapToRegistry registry https://registry.npmjs.org/
216 silly mapToRegistry uri https://registry.npmjs.org/check-error
217 verbose addNameRange registry:https://registry.npmjs.org/check-error not in flight; fetching
218 silly resolveWithNewModule deep-eql@3.0.1 checking installable status
219 silly cache add args [ 'deep-eql@^3.0.1', null ]
220 verbose cache add spec deep-eql@^3.0.1
221 silly cache add parsed spec Result {
221 silly cache add   raw: 'deep-eql@^3.0.1',
221 silly cache add   scope: null,
221 silly cache add   name: 'deep-eql',
221 silly cache add   rawSpec: '^3.0.1',
221 silly cache add   spec: '>=3.0.1 <4.0.0',
221 silly cache add   type: 'range' }
222 silly addNamed deep-eql@>=3.0.1 <4.0.0
223 verbose addNamed ">=3.0.1 <4.0.0" is a valid semver range for deep-eql
224 silly addNameRange { name: 'deep-eql', range: '>=3.0.1 <4.0.0', hasData: false }
225 silly mapToRegistry name deep-eql
226 silly mapToRegistry using default registry
227 silly mapToRegistry registry https://registry.npmjs.org/
228 silly mapToRegistry uri https://registry.npmjs.org/deep-eql
229 verbose addNameRange registry:https://registry.npmjs.org/deep-eql not in flight; fetching
230 silly resolveWithNewModule pathval@1.1.1 checking installable status
231 silly cache add args [ 'pathval@^1.1.1', null ]
232 verbose cache add spec pathval@^1.1.1
233 silly cache add parsed spec Result {
233 silly cache add   raw: 'pathval@^1.1.1',
233 silly cache add   scope: null,
233 silly cache add   name: 'pathval',
233 silly cache add   rawSpec: '^1.1.1',
233 silly cache add   spec: '>=1.1.1 <2.0.0',
233 silly cache add   type: 'range' }
234 silly addNamed pathval@>=1.1.1 <2.0.0
235 verbose addNamed ">=1.1.1 <2.0.0" is a valid semver range for pathval
236 silly addNameRange { name: 'pathval', range: '>=1.1.1 <2.0.0', hasData: false }
237 silly mapToRegistry name pathval
238 silly mapToRegistry using default registry
239 silly mapToRegistry registry https://registry.npmjs.org/
240 silly mapToRegistry uri https://registry.npmjs.org/pathval
241 verbose addNameRange registry:https://registry.npmjs.org/pathval not in flight; fetching
242 silly resolveWithNewModule type-detect@4.0.8 checking installable status
243 silly cache add args [ 'type-detect@^4.0.5', null ]
244 verbose cache add spec type-detect@^4.0.5
245 silly cache add parsed spec Result {
245 silly cache add   raw: 'type-detect@^4.0.5',
245 silly cache add   scope: null,
245 silly cache add   name: 'type-detect',
245 silly cache add   rawSpec: '^4.0.5',
245 silly cache add   spec: '>=4.0.5 <5.0.0',
245 silly cache add   type: 'range' }
246 silly addNamed type-detect@>=4.0.5 <5.0.0
247 verbose addNamed ">=4.0.5 <5.0.0" is a valid semver range for type-detect
248 silly addNameRange { name: 'type-detect', range: '>=4.0.5 <5.0.0', hasData: false }
249 silly mapToRegistry name type-detect
250 silly mapToRegistry using default registry
251 silly mapToRegistry registry https://registry.npmjs.org/
252 silly mapToRegistry uri https://registry.npmjs.org/type-detect
253 verbose addNameRange registry:https://registry.npmjs.org/type-detect not in flight; fetching
254 silly resolveWithNewModule get-func-name@2.0.0 checking installable status
255 silly cache add args [ 'get-func-name@^2.0.0', null ]
256 verbose cache add spec get-func-name@^2.0.0
257 silly cache add parsed spec Result {
257 silly cache add   raw: 'get-func-name@^2.0.0',
257 silly cache add   scope: null,
257 silly cache add   name: 'get-func-name',
257 silly cache add   rawSpec: '^2.0.0',
257 silly cache add   spec: '>=2.0.0 <3.0.0',
257 silly cache add   type: 'range' }
258 silly addNamed get-func-name@>=2.0.0 <3.0.0
259 verbose addNamed ">=2.0.0 <3.0.0" is a valid semver range for get-func-name
260 silly addNameRange { name: 'get-func-name',
260 silly addNameRange   range: '>=2.0.0 <3.0.0',
260 silly addNameRange   hasData: false }
261 silly mapToRegistry name get-func-name
262 silly mapToRegistry using default registry
263 silly mapToRegistry registry https://registry.npmjs.org/
264 silly mapToRegistry uri https://registry.npmjs.org/get-func-name
265 verbose addNameRange registry:https://registry.npmjs.org/get-func-name not in flight; fetching
266 verbose get https://registry.npmjs.org/assertion-error not expired, no request
267 silly addNameRange number 2 { name: 'assertion-error',
267 silly addNameRange   range: '>=1.1.0 <2.0.0',
267 silly addNameRange   hasData: true }
268 silly addNameRange versions [ 'assertion-error',
268 silly addNameRange   [ '0.1.0', '1.0.0', '1.0.1', '1.0.2', '1.1.0', '2.0.0' ] ]
269 silly addNamed assertion-error@1.1.0
270 verbose addNamed "1.1.0" is a plain semver version for assertion-error
271 verbose get https://registry.npmjs.org/check-error not expired, no request
272 silly addNameRange number 2 { name: 'check-error', range: '>=1.0.2 <2.0.0', hasData: true }
273 silly addNameRange versions [ 'check-error', [ '1.0.0', '1.0.1', '1.0.2' ] ]
274 silly addNamed check-error@1.0.2
275 verbose addNamed "1.0.2" is a plain semver version for check-error
276 verbose get https://registry.npmjs.org/deep-eql not expired, no request
277 silly addNameRange number 2 { name: 'deep-eql', range: '>=3.0.1 <4.0.0', hasData: true }
278 silly addNameRange versions [ 'deep-eql',
278 silly addNameRange   [ '0.1.0',
278 silly addNameRange     '0.1.1',
278 silly addNameRange     '0.1.2',
278 silly addNameRange     '0.1.3',
278 silly addNameRange     '1.0.0',
278 silly addNameRange     '1.0.1',
278 silly addNameRange     '1.0.2',
278 silly addNameRange     '1.0.3',
278 silly addNameRange     '2.0.0',
278 silly addNameRange     '2.0.1',
278 silly addNameRange     '2.0.2',
278 silly addNameRange     '3.0.0',
278 silly addNameRange     '3.0.1',
278 silly addNameRange     '4.0.0' ] ]
279 silly addNamed deep-eql@3.0.1
280 verbose addNamed "3.0.1" is a plain semver version for deep-eql
281 verbose get https://registry.npmjs.org/pathval not expired, no request
282 silly addNameRange number 2 { name: 'pathval', range: '>=1.1.1 <2.0.0', hasData: true }
283 silly addNameRange versions [ 'pathval',
283 silly addNameRange   [ '0.0.1',
283 silly addNameRange     '0.1.0',
283 silly addNameRange     '0.1.1',
283 silly addNameRange     '0.2.0',
283 silly addNameRange     '0.2.1',
283 silly addNameRange     '1.0.0',
283 silly addNameRange     '1.1.0',
283 silly addNameRange     '1.1.1' ] ]
284 silly addNamed pathval@1.1.1
285 verbose addNamed "1.1.1" is a plain semver version for pathval
286 verbose get https://registry.npmjs.org/type-detect not expired, no request
287 silly addNameRange number 2 { name: 'type-detect', range: '>=4.0.5 <5.0.0', hasData: true }
288 silly addNameRange versions [ 'type-detect',
288 silly addNameRange   [ '0.1.0',
288 silly addNameRange     '0.1.1',
288 silly addNameRange     '0.1.2',
288 silly addNameRange     '1.0.0',
288 silly addNameRange     '2.0.0',
288 silly addNameRange     '2.0.1',
288 silly addNameRange     '2.0.2',
288 silly addNameRange     '3.0.0',
288 silly addNameRange     '4.0.0',
288 silly addNameRange     '4.0.1',
288 silly addNameRange     '4.0.2',
288 silly addNameRange     '4.0.3',
288 silly addNameRange     '4.0.5',
288 silly addNameRange     '4.0.6',
288 silly addNameRange     '4.0.7',
288 silly addNameRange     '4.0.8' ] ]
289 silly addNamed type-detect@4.0.8
290 verbose addNamed "4.0.8" is a plain semver version for type-detect
291 verbose get https://registry.npmjs.org/get-func-name not expired, no request
292 silly addNameRange number 2 { name: 'get-func-name', range: '>=2.0.0 <3.0.0', hasData: true }
293 silly addNameRange versions [ 'get-func-name', [ '1.0.0', '2.0.0' ] ]
294 silly addNamed get-func-name@2.0.0
295 verbose addNamed "2.0.0" is a plain semver version for get-func-name
296 silly cache afterAdd assertion-error@1.1.0
297 verbose afterAdd /home/vagrant/.npm/assertion-error/1.1.0/package/package.json not in flight; writing
298 silly cache afterAdd check-error@1.0.2
299 verbose afterAdd /home/vagrant/.npm/check-error/1.0.2/package/package.json not in flight; writing
300 silly cache afterAdd deep-eql@3.0.1
301 verbose afterAdd /home/vagrant/.npm/deep-eql/3.0.1/package/package.json not in flight; writing
302 silly cache afterAdd pathval@1.1.1
303 verbose afterAdd /home/vagrant/.npm/pathval/1.1.1/package/package.json not in flight; writing
304 silly cache afterAdd type-detect@4.0.8
305 verbose afterAdd /home/vagrant/.npm/type-detect/4.0.8/package/package.json not in flight; writing
306 silly cache afterAdd get-func-name@2.0.0
307 verbose afterAdd /home/vagrant/.npm/get-func-name/2.0.0/package/package.json not in flight; writing
308 verbose afterAdd /home/vagrant/.npm/assertion-error/1.1.0/package/package.json written
309 verbose afterAdd /home/vagrant/.npm/check-error/1.0.2/package/package.json written
310 verbose afterAdd /home/vagrant/.npm/deep-eql/3.0.1/package/package.json written
311 verbose afterAdd /home/vagrant/.npm/pathval/1.1.1/package/package.json written
312 verbose afterAdd /home/vagrant/.npm/type-detect/4.0.8/package/package.json written
313 verbose afterAdd /home/vagrant/.npm/get-func-name/2.0.0/package/package.json written
314 silly fetchNamedPackageData @ungap/promise-all-settled
315 silly mapToRegistry name @ungap/promise-all-settled
316 silly mapToRegistry scope (from package name) @ungap
317 verbose mapToRegistry no registry URL found in name for scope @ungap
318 silly mapToRegistry using default registry
319 silly mapToRegistry registry https://registry.npmjs.org/
320 silly mapToRegistry uri https://registry.npmjs.org/@ungap%2fpromise-all-settled
321 silly fetchNamedPackageData ansi-colors
322 silly mapToRegistry name ansi-colors
323 silly mapToRegistry using default registry
324 silly mapToRegistry registry https://registry.npmjs.org/
325 silly mapToRegistry uri https://registry.npmjs.org/ansi-colors
326 silly fetchNamedPackageData browser-stdout
327 silly mapToRegistry name browser-stdout
328 silly mapToRegistry using default registry
329 silly mapToRegistry registry https://registry.npmjs.org/
330 silly mapToRegistry uri https://registry.npmjs.org/browser-stdout
331 silly fetchNamedPackageData debug
332 silly mapToRegistry name debug
333 silly mapToRegistry using default registry
334 silly mapToRegistry registry https://registry.npmjs.org/
335 silly mapToRegistry uri https://registry.npmjs.org/debug
336 silly fetchNamedPackageData diff
337 silly mapToRegistry name diff
338 silly mapToRegistry using default registry
339 silly mapToRegistry registry https://registry.npmjs.org/
340 silly mapToRegistry uri https://registry.npmjs.org/diff
341 silly fetchNamedPackageData escape-string-regexp
342 silly mapToRegistry name escape-string-regexp
343 silly mapToRegistry using default registry
344 silly mapToRegistry registry https://registry.npmjs.org/
345 silly mapToRegistry uri https://registry.npmjs.org/escape-string-regexp
346 silly fetchNamedPackageData find-up
347 silly mapToRegistry name find-up
348 silly mapToRegistry using default registry
349 silly mapToRegistry registry https://registry.npmjs.org/
350 silly mapToRegistry uri https://registry.npmjs.org/find-up
351 silly fetchNamedPackageData glob
352 silly mapToRegistry name glob
353 silly mapToRegistry using default registry
354 silly mapToRegistry registry https://registry.npmjs.org/
355 silly mapToRegistry uri https://registry.npmjs.org/glob
356 silly fetchNamedPackageData growl
357 silly mapToRegistry name growl
358 silly mapToRegistry using default registry
359 silly mapToRegistry registry https://registry.npmjs.org/
360 silly mapToRegistry uri https://registry.npmjs.org/growl
361 silly fetchNamedPackageData he
362 silly mapToRegistry name he
363 silly mapToRegistry using default registry
364 silly mapToRegistry registry https://registry.npmjs.org/
365 silly mapToRegistry uri https://registry.npmjs.org/he
366 silly fetchNamedPackageData js-yaml
367 silly mapToRegistry name js-yaml
368 silly mapToRegistry using default registry
369 silly mapToRegistry registry https://registry.npmjs.org/
370 silly mapToRegistry uri https://registry.npmjs.org/js-yaml
371 silly fetchNamedPackageData log-symbols
372 silly mapToRegistry name log-symbols
373 silly mapToRegistry using default registry
374 silly mapToRegistry registry https://registry.npmjs.org/
375 silly mapToRegistry uri https://registry.npmjs.org/log-symbols
376 silly fetchNamedPackageData ms
377 silly mapToRegistry name ms
378 silly mapToRegistry using default registry
379 silly mapToRegistry registry https://registry.npmjs.org/
380 silly mapToRegistry uri https://registry.npmjs.org/ms
381 silly fetchNamedPackageData nanoid
382 silly mapToRegistry name nanoid
383 silly mapToRegistry using default registry
384 silly mapToRegistry registry https://registry.npmjs.org/
385 silly mapToRegistry uri https://registry.npmjs.org/nanoid
386 silly fetchNamedPackageData serialize-javascript
387 silly mapToRegistry name serialize-javascript
388 silly mapToRegistry using default registry
389 silly mapToRegistry registry https://registry.npmjs.org/
390 silly mapToRegistry uri https://registry.npmjs.org/serialize-javascript
391 silly fetchNamedPackageData strip-json-comments
392 silly mapToRegistry name strip-json-comments
393 silly mapToRegistry using default registry
394 silly mapToRegistry registry https://registry.npmjs.org/
395 silly mapToRegistry uri https://registry.npmjs.org/strip-json-comments
396 silly fetchNamedPackageData supports-color
397 silly mapToRegistry name supports-color
398 silly mapToRegistry using default registry
399 silly mapToRegistry registry https://registry.npmjs.org/
400 silly mapToRegistry uri https://registry.npmjs.org/supports-color
401 silly fetchNamedPackageData which
402 silly mapToRegistry name which
403 silly mapToRegistry using default registry
404 silly mapToRegistry registry https://registry.npmjs.org/
405 silly mapToRegistry uri https://registry.npmjs.org/which
406 silly fetchNamedPackageData workerpool
407 silly mapToRegistry name workerpool
408 silly mapToRegistry using default registry
409 silly mapToRegistry registry https://registry.npmjs.org/
410 silly mapToRegistry uri https://registry.npmjs.org/workerpool
411 silly fetchNamedPackageData yargs
412 silly mapToRegistry name yargs
413 silly mapToRegistry using default registry
414 silly mapToRegistry registry https://registry.npmjs.org/
415 silly mapToRegistry uri https://registry.npmjs.org/yargs
416 silly fetchNamedPackageData yargs-parser
417 silly mapToRegistry name yargs-parser
418 silly mapToRegistry using default registry
419 silly mapToRegistry registry https://registry.npmjs.org/
420 silly mapToRegistry uri https://registry.npmjs.org/yargs-parser
421 silly fetchNamedPackageData yargs-unparser
422 silly mapToRegistry name yargs-unparser
423 silly mapToRegistry using default registry
424 silly mapToRegistry registry https://registry.npmjs.org/
425 silly mapToRegistry uri https://registry.npmjs.org/yargs-unparser
426 verbose request uri https://registry.npmjs.org/@ungap%2fpromise-all-settled
427 verbose request no auth needed
428 info attempt registry request try #1 at 3:21:35 AM
429 verbose request using bearer token for auth
430 verbose etag W/"2cdb74871b650d32d4a6d967a197e67a"
431 verbose lastModified Tue, 21 Jul 2020 14:49:27 GMT
432 http request GET https://registry.npmjs.org/@ungap%2fpromise-all-settled
433 verbose request uri https://registry.npmjs.org/ansi-colors
434 verbose request no auth needed
435 info attempt registry request try #1 at 3:21:35 AM
436 verbose request using bearer token for auth
437 verbose etag W/"f58fd59c3e565badf5cb5555e551e8cc"
438 verbose lastModified Wed, 03 Jul 2019 05:13:22 GMT
439 http request GET https://registry.npmjs.org/ansi-colors
440 verbose request uri https://registry.npmjs.org/browser-stdout
441 verbose request no auth needed
442 info attempt registry request try #1 at 3:21:35 AM
443 verbose request using bearer token for auth
444 verbose etag W/"ad7ee1c0c8f38e2f2bef40d5d7f48977"
445 verbose lastModified Sat, 26 May 2018 19:02:02 GMT
446 http request GET https://registry.npmjs.org/browser-stdout
447 verbose request uri https://registry.npmjs.org/debug
448 verbose request no auth needed
449 info attempt registry request try #1 at 3:21:35 AM
450 verbose request using bearer token for auth
451 verbose etag W/"a8b6c592a393972a1658f629bffbd5a5"
452 verbose lastModified Sat, 27 Nov 2021 14:09:27 GMT
453 http request GET https://registry.npmjs.org/debug
454 verbose request uri https://registry.npmjs.org/diff
455 verbose request no auth needed
456 info attempt registry request try #1 at 3:21:35 AM
457 verbose request using bearer token for auth
458 verbose etag W/"ab39449127ad69988a6d2bc53c227064"
459 verbose lastModified Wed, 17 Nov 2021 16:43:10 GMT
460 http request GET https://registry.npmjs.org/diff
461 verbose request uri https://registry.npmjs.org/escape-string-regexp
462 verbose request no auth needed
463 info attempt registry request try #1 at 3:21:35 AM
464 verbose request using bearer token for auth
465 verbose etag W/"47d605f4748c2d51d6a3cad8c028a98b"
466 verbose lastModified Sat, 17 Apr 2021 15:45:55 GMT
467 http request GET https://registry.npmjs.org/escape-string-regexp
468 verbose request uri https://registry.npmjs.org/find-up
469 verbose request no auth needed
470 info attempt registry request try #1 at 3:21:35 AM
471 verbose request using bearer token for auth
472 verbose etag W/"c116ff851cb38f0e59814f08c1a052ce"
473 verbose lastModified Thu, 07 Oct 2021 14:57:00 GMT
474 http request GET https://registry.npmjs.org/find-up
475 verbose request uri https://registry.npmjs.org/glob
476 verbose request no auth needed
477 info attempt registry request try #1 at 3:21:35 AM
478 verbose request using bearer token for auth
479 verbose etag W/"4ae5c271cd0752db3db43b4088b7f989"
480 verbose lastModified Mon, 29 Nov 2021 17:04:38 GMT
481 http request GET https://registry.npmjs.org/glob
482 verbose request uri https://registry.npmjs.org/growl
483 verbose request no auth needed
484 info attempt registry request try #1 at 3:21:35 AM
485 verbose request using bearer token for auth
486 verbose etag W/"03a81d3279ea8d2a06fb68c7d68a18c7"
487 verbose lastModified Sun, 27 May 2018 02:48:49 GMT
488 http request GET https://registry.npmjs.org/growl
489 verbose request uri https://registry.npmjs.org/he
490 verbose request no auth needed
491 info attempt registry request try #1 at 3:21:35 AM
492 verbose request using bearer token for auth
493 verbose etag W/"c39dcd127e6c6a5df91dd908ef025079"
494 verbose lastModified Fri, 04 Jan 2019 02:45:18 GMT
495 http request GET https://registry.npmjs.org/he
496 verbose request uri https://registry.npmjs.org/js-yaml
497 verbose request no auth needed
498 info attempt registry request try #1 at 3:21:35 AM
499 verbose request using bearer token for auth
500 verbose etag W/"49e69014154e42b30f13210248905d84"
501 verbose lastModified Wed, 17 Nov 2021 16:43:09 GMT
502 http request GET https://registry.npmjs.org/js-yaml
503 verbose request uri https://registry.npmjs.org/log-symbols
504 verbose request no auth needed
505 info attempt registry request try #1 at 3:21:35 AM
506 verbose request using bearer token for auth
507 verbose etag W/"adb3cf56ce5af5bd45a11151f5059b5d"
508 verbose lastModified Sun, 18 Apr 2021 05:13:07 GMT
509 http request GET https://registry.npmjs.org/log-symbols
510 verbose request uri https://registry.npmjs.org/ms
511 verbose request no auth needed
512 info attempt registry request try #1 at 3:21:35 AM
513 verbose request using bearer token for auth
514 verbose etag W/"b92a3ca993ddf3a856332e41fb7ed8f3"
515 verbose lastModified Tue, 07 Dec 2021 20:06:20 GMT
516 http request GET https://registry.npmjs.org/ms
517 verbose request uri https://registry.npmjs.org/nanoid
518 verbose request no auth needed
519 info attempt registry request try #1 at 3:21:35 AM
520 verbose request using bearer token for auth
521 verbose etag W/"bcab76065e652cd7e18e0884ade99759"
522 verbose lastModified Wed, 13 Oct 2021 23:00:52 GMT
523 http request GET https://registry.npmjs.org/nanoid
524 verbose request uri https://registry.npmjs.org/serialize-javascript
525 verbose request no auth needed
526 info attempt registry request try #1 at 3:21:35 AM
527 verbose request using bearer token for auth
528 verbose etag W/"062bcf0188ce7312e2d77a89618e67a8"
529 verbose lastModified Mon, 21 Jun 2021 14:01:23 GMT
530 http request GET https://registry.npmjs.org/serialize-javascript
531 verbose request uri https://registry.npmjs.org/supports-color
532 verbose request no auth needed
533 info attempt registry request try #1 at 3:21:35 AM
534 verbose request using bearer token for auth
535 verbose etag W/"2a9c1c4f22c7c2ac1d4288abe7ae97b4"
536 verbose lastModified Fri, 26 Nov 2021 09:33:28 GMT
537 http request GET https://registry.npmjs.org/supports-color
538 verbose request uri https://registry.npmjs.org/strip-json-comments
539 verbose request no auth needed
540 info attempt registry request try #1 at 3:21:35 AM
541 verbose request using bearer token for auth
542 verbose etag W/"59a2fab08ec467c70ea0dca7398fdb69"
543 verbose lastModified Thu, 19 Aug 2021 18:10:19 GMT
544 http request GET https://registry.npmjs.org/strip-json-comments
545 verbose request uri https://registry.npmjs.org/which
546 verbose request no auth needed
547 info attempt registry request try #1 at 3:21:35 AM
548 verbose request using bearer token for auth
549 verbose etag W/"99e52592fb7e0843a2eb8fdaa9893967"
550 verbose lastModified Fri, 29 Oct 2021 14:53:19 GMT
551 http request GET https://registry.npmjs.org/which
552 verbose request uri https://registry.npmjs.org/workerpool
553 verbose request no auth needed
554 info attempt registry request try #1 at 3:21:35 AM
555 verbose request using bearer token for auth
556 verbose etag W/"a2ccaf1c3f8479a4f86c6882404204c0"
557 verbose lastModified Thu, 17 Jun 2021 19:45:54 GMT
558 http request GET https://registry.npmjs.org/workerpool
559 verbose request uri https://registry.npmjs.org/yargs-unparser
560 verbose request no auth needed
561 info attempt registry request try #1 at 3:21:35 AM
562 verbose request using bearer token for auth
563 verbose etag W/"9793c0883936c22610f7230a3fcd0300"
564 verbose lastModified Fri, 02 Oct 2020 00:21:44 GMT
565 http request GET https://registry.npmjs.org/yargs-unparser
566 verbose request uri https://registry.npmjs.org/yargs-parser
567 verbose request no auth needed
568 info attempt registry request try #1 at 3:21:35 AM
569 verbose request using bearer token for auth
570 verbose etag W/"f4c70208997b42b0139b487e67f4b16b"
571 verbose lastModified Tue, 16 Nov 2021 02:49:07 GMT
572 http request GET https://registry.npmjs.org/yargs-parser
573 verbose request uri https://registry.npmjs.org/yargs
574 verbose request no auth needed
575 info attempt registry request try #1 at 3:21:35 AM
576 verbose request using bearer token for auth
577 verbose etag W/"d2f84786d76f5de800b9113640c9abf4"
578 verbose lastModified Tue, 30 Nov 2021 19:00:24 GMT
579 http request GET https://registry.npmjs.org/yargs
580 http 304 https://registry.npmjs.org/debug
581 verbose headers { date: 'Sat, 11 Dec 2021 03:23:33 GMT',
581 verbose headers   connection: 'keep-alive',
581 verbose headers   'cf-ray': '6bbb98507e622a3c-ORD',
581 verbose headers   age: '37',
581 verbose headers   'cache-control': 'public, max-age=300',
581 verbose headers   etag: '"a8b6c592a393972a1658f629bffbd5a5"',
581 verbose headers   'last-modified': 'Sat, 27 Nov 2021 14:09:27 GMT',
581 verbose headers   vary: 'Accept-Encoding',
581 verbose headers   'cf-cache-status': 'HIT',
581 verbose headers   'expect-ct': 'max-age=604800, report-uri="https://report-uri.cloudflare.com/cdn-cgi/beacon/expect-ct"',
581 verbose headers   'x-amz-replication-status': 'COMPLETED',
581 verbose headers   server: 'cloudflare' }
582 silly get cb [ 304,
582 silly get   { date: 'Sat, 11 Dec 2021 03:23:33 GMT',
582 silly get     connection: 'keep-alive',
582 silly get     'cf-ray': '6bbb98507e622a3c-ORD',
582 silly get     age: '37',
582 silly get     'cache-control': 'public, max-age=300',
582 silly get     etag: '"a8b6c592a393972a1658f629bffbd5a5"',
582 silly get     'last-modified': 'Sat, 27 Nov 2021 14:09:27 GMT',
582 silly get     vary: 'Accept-Encoding',
582 silly get     'cf-cache-status': 'HIT',
582 silly get     'expect-ct': 'max-age=604800, report-uri="https://report-uri.cloudflare.com/cdn-cgi/beacon/expect-ct"',
582 silly get     'x-amz-replication-status': 'COMPLETED',
582 silly get     server: 'cloudflare' } ]
583 verbose etag https://registry.npmjs.org/debug from cache
584 verbose get saving debug to /home/vagrant/.npm/registry.npmjs.org/debug/.cache.json
585 http 304 https://registry.npmjs.org/browser-stdout
586 verbose headers { date: 'Sat, 11 Dec 2021 03:23:33 GMT',
586 verbose headers   connection: 'keep-alive',
586 verbose headers   'cf-ray': '6bbb9850789b2d3a-ORD',
586 verbose headers   age: '10',
586 verbose headers   'cache-control': 'public, max-age=300',
586 verbose headers   etag: '"ad7ee1c0c8f38e2f2bef40d5d7f48977"',
586 verbose headers   'last-modified': 'Sat, 26 May 2018 19:02:02 GMT',
586 verbose headers   vary: 'Accept-Encoding',
586 verbose headers   'cf-cache-status': 'HIT',
586 verbose headers   'expect-ct': 'max-age=604800, report-uri="https://report-uri.cloudflare.com/cdn-cgi/beacon/expect-ct"',
586 verbose headers   server: 'cloudflare' }
587 silly get cb [ 304,
587 silly get   { date: 'Sat, 11 Dec 2021 03:23:33 GMT',
587 silly get     connection: 'keep-alive',
587 silly get     'cf-ray': '6bbb9850789b2d3a-ORD',
587 silly get     age: '10',
587 silly get     'cache-control': 'public, max-age=300',
587 silly get     etag: '"ad7ee1c0c8f38e2f2bef40d5d7f48977"',
587 silly get     'last-modified': 'Sat, 26 May 2018 19:02:02 GMT',
587 silly get     vary: 'Accept-Encoding',
587 silly get     'cf-cache-status': 'HIT',
587 silly get     'expect-ct': 'max-age=604800, report-uri="https://report-uri.cloudflare.com/cdn-cgi/beacon/expect-ct"',
587 silly get     server: 'cloudflare' } ]
588 verbose etag https://registry.npmjs.org/browser-stdout from cache
589 verbose get saving browser-stdout to /home/vagrant/.npm/registry.npmjs.org/browser-stdout/.cache.json
590 http 304 https://registry.npmjs.org/diff
591 verbose headers { date: 'Sat, 11 Dec 2021 03:23:33 GMT',
591 verbose headers   connection: 'keep-alive',
591 verbose headers   'cf-ray': '6bbb985088872994-ORD',
591 verbose headers   age: '212',
591 verbose headers   'cache-control': 'public, max-age=300',
591 verbose headers   etag: '"ab39449127ad69988a6d2bc53c227064"',
591 verbose headers   'last-modified': 'Wed, 17 Nov 2021 16:43:10 GMT',
591 verbose headers   vary: 'Accept-Encoding',
591 verbose headers   'cf-cache-status': 'HIT',
591 verbose headers   'expect-ct': 'max-age=604800, report-uri="https://report-uri.cloudflare.com/cdn-cgi/beacon/expect-ct"',
591 verbose headers   'x-amz-replication-status': 'PENDING',
591 verbose headers   server: 'cloudflare' }
592 silly get cb [ 304,
592 silly get   { date: 'Sat, 11 Dec 2021 03:23:33 GMT',
592 silly get     connection: 'keep-alive',
592 silly get     'cf-ray': '6bbb985088872994-ORD',
592 silly get     age: '212',
592 silly get     'cache-control': 'public, max-age=300',
592 silly get     etag: '"ab39449127ad69988a6d2bc53c227064"',
592 silly get     'last-modified': 'Wed, 17 Nov 2021 16:43:10 GMT',
592 silly get     vary: 'Accept-Encoding',
592 silly get     'cf-cache-status': 'HIT',
592 silly get     'expect-ct': 'max-age=604800, report-uri="https://report-uri.cloudflare.com/cdn-cgi/beacon/expect-ct"',
592 silly get     'x-amz-replication-status': 'PENDING',
592 silly get     server: 'cloudflare' } ]
593 verbose etag https://registry.npmjs.org/diff from cache
594 verbose get saving diff to /home/vagrant/.npm/registry.npmjs.org/diff/.cache.json
595 http 304 https://registry.npmjs.org/workerpool
596 verbose headers { date: 'Sat, 11 Dec 2021 03:23:33 GMT',
596 verbose headers   connection: 'keep-alive',
596 verbose headers   'cf-ray': '6bbb98507f218687-ORD',
596 verbose headers   age: '104',
596 verbose headers   'cache-control': 'public, max-age=300',
596 verbose headers   etag: '"a2ccaf1c3f8479a4f86c6882404204c0"',
596 verbose headers   'last-modified': 'Thu, 17 Jun 2021 19:45:54 GMT',
596 verbose headers   vary: 'Accept-Encoding',
596 verbose headers   'cf-cache-status': 'HIT',
596 verbose headers   'expect-ct': 'max-age=604800, report-uri="https://report-uri.cloudflare.com/cdn-cgi/beacon/expect-ct"',
596 verbose headers   server: 'cloudflare' }
597 silly get cb [ 304,
597 silly get   { date: 'Sat, 11 Dec 2021 03:23:33 GMT',
597 silly get     connection: 'keep-alive',
597 silly get     'cf-ray': '6bbb98507f218687-ORD',
597 silly get     age: '104',
597 silly get     'cache-control': 'public, max-age=300',
597 silly get     etag: '"a2ccaf1c3f8479a4f86c6882404204c0"',
597 silly get     'last-modified': 'Thu, 17 Jun 2021 19:45:54 GMT',
597 silly get     vary: 'Accept-Encoding',
597 silly get     'cf-cache-status': 'HIT',
597 silly get     'expect-ct': 'max-age=604800, report-uri="https://report-uri.cloudflare.com/cdn-cgi/beacon/expect-ct"',
597 silly get     server: 'cloudflare' } ]
598 verbose etag https://registry.npmjs.org/workerpool from cache
599 verbose get saving workerpool to /home/vagrant/.npm/registry.npmjs.org/workerpool/.cache.json
600 http 304 https://registry.npmjs.org/strip-json-comments
601 verbose headers { date: 'Sat, 11 Dec 2021 03:23:33 GMT',
601 verbose headers   connection: 'keep-alive',
601 verbose headers   'cf-ray': '6bbb98508ec42c7c-ORD',
601 verbose headers   age: '241',
601 verbose headers   'cache-control': 'public, max-age=300',
601 verbose headers   etag: '"59a2fab08ec467c70ea0dca7398fdb69"',
601 verbose headers   'last-modified': 'Thu, 19 Aug 2021 18:10:19 GMT',
601 verbose headers   vary: 'Accept-Encoding',
601 verbose headers   'cf-cache-status': 'HIT',
601 verbose headers   'expect-ct': 'max-age=604800, report-uri="https://report-uri.cloudflare.com/cdn-cgi/beacon/expect-ct"',
601 verbose headers   'x-amz-replication-status': 'PENDING',
601 verbose headers   server: 'cloudflare' }
602 silly get cb [ 304,
602 silly get   { date: 'Sat, 11 Dec 2021 03:23:33 GMT',
602 silly get     connection: 'keep-alive',
602 silly get     'cf-ray': '6bbb98508ec42c7c-ORD',
602 silly get     age: '241',
602 silly get     'cache-control': 'public, max-age=300',
602 silly get     etag: '"59a2fab08ec467c70ea0dca7398fdb69"',
602 silly get     'last-modified': 'Thu, 19 Aug 2021 18:10:19 GMT',
602 silly get     vary: 'Accept-Encoding',
602 silly get     'cf-cache-status': 'HIT',
602 silly get     'expect-ct': 'max-age=604800, report-uri="https://report-uri.cloudflare.com/cdn-cgi/beacon/expect-ct"',
602 silly get     'x-amz-replication-status': 'PENDING',
602 silly get     server: 'cloudflare' } ]
603 verbose etag https://registry.npmjs.org/strip-json-comments from cache
604 verbose get saving strip-json-comments to /home/vagrant/.npm/registry.npmjs.org/strip-json-comments/.cache.json
605 http 304 https://registry.npmjs.org/glob
606 verbose headers { date: 'Sat, 11 Dec 2021 03:23:33 GMT',
606 verbose headers   connection: 'keep-alive',
606 verbose headers   'cf-ray': '6bbb98508d63fd86-ORD',
606 verbose headers   age: '105',
606 verbose headers   'cache-control': 'public, max-age=300',
606 verbose headers   etag: '"4ae5c271cd0752db3db43b4088b7f989"',
606 verbose headers   'last-modified': 'Mon, 29 Nov 2021 17:04:38 GMT',
606 verbose headers   vary: 'Accept-Encoding',
606 verbose headers   'cf-cache-status': 'HIT',
606 verbose headers   'expect-ct': 'max-age=604800, report-uri="https://report-uri.cloudflare.com/cdn-cgi/beacon/expect-ct"',
606 verbose headers   'x-amz-replication-status': 'PENDING',
606 verbose headers   server: 'cloudflare' }
607 silly get cb [ 304,
607 silly get   { date: 'Sat, 11 Dec 2021 03:23:33 GMT',
607 silly get     connection: 'keep-alive',
607 silly get     'cf-ray': '6bbb98508d63fd86-ORD',
607 silly get     age: '105',
607 silly get     'cache-control': 'public, max-age=300',
607 silly get     etag: '"4ae5c271cd0752db3db43b4088b7f989"',
607 silly get     'last-modified': 'Mon, 29 Nov 2021 17:04:38 GMT',
607 silly get     vary: 'Accept-Encoding',
607 silly get     'cf-cache-status': 'HIT',
607 silly get     'expect-ct': 'max-age=604800, report-uri="https://report-uri.cloudflare.com/cdn-cgi/beacon/expect-ct"',
607 silly get     'x-amz-replication-status': 'PENDING',
607 silly get     server: 'cloudflare' } ]
608 verbose etag https://registry.npmjs.org/glob from cache
609 verbose get saving glob to /home/vagrant/.npm/registry.npmjs.org/glob/.cache.json
610 http 304 https://registry.npmjs.org/serialize-javascript
611 verbose headers { date: 'Sat, 11 Dec 2021 03:23:33 GMT',
611 verbose headers   connection: 'keep-alive',
611 verbose headers   'cf-ray': '6bbb98508fab2bfb-ORD',
611 verbose headers   age: '242',
611 verbose headers   'cache-control': 'public, max-age=300',
611 verbose headers   etag: '"062bcf0188ce7312e2d77a89618e67a8"',
611 verbose headers   'last-modified': 'Mon, 21 Jun 2021 14:01:23 GMT',
611 verbose headers   vary: 'Accept-Encoding',
611 verbose headers   'cf-cache-status': 'HIT',
611 verbose headers   'expect-ct': 'max-age=604800, report-uri="https://report-uri.cloudflare.com/cdn-cgi/beacon/expect-ct"',
611 verbose headers   server: 'cloudflare' }
612 silly get cb [ 304,
612 silly get   { date: 'Sat, 11 Dec 2021 03:23:33 GMT',
612 silly get     connection: 'keep-alive',
612 silly get     'cf-ray': '6bbb98508fab2bfb-ORD',
612 silly get     age: '242',
612 silly get     'cache-control': 'public, max-age=300',
612 silly get     etag: '"062bcf0188ce7312e2d77a89618e67a8"',
612 silly get     'last-modified': 'Mon, 21 Jun 2021 14:01:23 GMT',
612 silly get     vary: 'Accept-Encoding',
612 silly get     'cf-cache-status': 'HIT',
612 silly get     'expect-ct': 'max-age=604800, report-uri="https://report-uri.cloudflare.com/cdn-cgi/beacon/expect-ct"',
612 silly get     server: 'cloudflare' } ]
613 verbose etag https://registry.npmjs.org/serialize-javascript from cache
614 verbose get saving serialize-javascript to /home/vagrant/.npm/registry.npmjs.org/serialize-javascript/.cache.json
615 http 304 https://registry.npmjs.org/he
616 verbose headers { date: 'Sat, 11 Dec 2021 03:23:33 GMT',
616 verbose headers   connection: 'keep-alive',
616 verbose headers   'cf-ray': '6bbb98508ca12a2d-ORD',
616 verbose headers   age: '148',
616 verbose headers   'cache-control': 'public, max-age=300',
616 verbose headers   etag: '"c39dcd127e6c6a5df91dd908ef025079"',
616 verbose headers   'last-modified': 'Fri, 04 Jan 2019 02:45:18 GMT',
616 verbose headers   vary: 'Accept-Encoding',
616 verbose headers   'cf-cache-status': 'HIT',
616 verbose headers   'expect-ct': 'max-age=604800, report-uri="https://report-uri.cloudflare.com/cdn-cgi/beacon/expect-ct"',
616 verbose headers   server: 'cloudflare' }
617 silly get cb [ 304,
617 silly get   { date: 'Sat, 11 Dec 2021 03:23:33 GMT',
617 silly get     connection: 'keep-alive',
617 silly get     'cf-ray': '6bbb98508ca12a2d-ORD',
617 silly get     age: '148',
617 silly get     'cache-control': 'public, max-age=300',
617 silly get     etag: '"c39dcd127e6c6a5df91dd908ef025079"',
617 silly get     'last-modified': 'Fri, 04 Jan 2019 02:45:18 GMT',
617 silly get     vary: 'Accept-Encoding',
617 silly get     'cf-cache-status': 'HIT',
617 silly get     'expect-ct': 'max-age=604800, report-uri="https://report-uri.cloudflare.com/cdn-cgi/beacon/expect-ct"',
617 silly get     server: 'cloudflare' } ]
618 verbose etag https://registry.npmjs.org/he from cache
619 verbose get saving he to /home/vagrant/.npm/registry.npmjs.org/he/.cache.json
620 http 304 https://registry.npmjs.org/js-yaml
621 verbose headers { date: 'Sat, 11 Dec 2021 03:23:33 GMT',
621 verbose headers   connection: 'keep-alive',
621 verbose headers   'cf-ray': '6bbb98508d392c17-ORD',
621 verbose headers   age: '259',
621 verbose headers   'cache-control': 'public, max-age=300',
621 verbose headers   etag: '"49e69014154e42b30f13210248905d84"',
621 verbose headers   'last-modified': 'Wed, 17 Nov 2021 16:43:09 GMT',
621 verbose headers   vary: 'Accept-Encoding',
621 verbose headers   'cf-cache-status': 'HIT',
621 verbose headers   'expect-ct': 'max-age=604800, report-uri="https://report-uri.cloudflare.com/cdn-cgi/beacon/expect-ct"',
621 verbose headers   'x-amz-replication-status': 'PENDING',
621 verbose headers   server: 'cloudflare' }
622 silly get cb [ 304,
622 silly get   { date: 'Sat, 11 Dec 2021 03:23:33 GMT',
622 silly get     connection: 'keep-alive',
622 silly get     'cf-ray': '6bbb98508d392c17-ORD',
622 silly get     age: '259',
622 silly get     'cache-control': 'public, max-age=300',
622 silly get     etag: '"49e69014154e42b30f13210248905d84"',
622 silly get     'last-modified': 'Wed, 17 Nov 2021 16:43:09 GMT',
622 silly get     vary: 'Accept-Encoding',
622 silly get     'cf-cache-status': 'HIT',
622 silly get     'expect-ct': 'max-age=604800, report-uri="https://report-uri.cloudflare.com/cdn-cgi/beacon/expect-ct"',
622 silly get     'x-amz-replication-status': 'PENDING',
622 silly get     server: 'cloudflare' } ]
623 verbose etag https://registry.npmjs.org/js-yaml from cache
624 verbose get saving js-yaml to /home/vagrant/.npm/registry.npmjs.org/js-yaml/.cache.json
625 http 304 https://registry.npmjs.org/escape-string-regexp
626 verbose headers { date: 'Sat, 11 Dec 2021 03:23:33 GMT',
626 verbose headers   connection: 'keep-alive',
626 verbose headers   'cf-ray': '6bbb9850892529f1-ORD',
626 verbose headers   age: '65',
626 verbose headers   'cache-control': 'public, max-age=300',
626 verbose headers   etag: '"47d605f4748c2d51d6a3cad8c028a98b"',
626 verbose headers   'last-modified': 'Sat, 17 Apr 2021 15:45:55 GMT',
626 verbose headers   vary: 'Accept-Encoding',
626 verbose headers   'cf-cache-status': 'HIT',
626 verbose headers   'expect-ct': 'max-age=604800, report-uri="https://report-uri.cloudflare.com/cdn-cgi/beacon/expect-ct"',
626 verbose headers   server: 'cloudflare' }
627 silly get cb [ 304,
627 silly get   { date: 'Sat, 11 Dec 2021 03:23:33 GMT',
627 silly get     connection: 'keep-alive',
627 silly get     'cf-ray': '6bbb9850892529f1-ORD',
627 silly get     age: '65',
627 silly get     'cache-control': 'public, max-age=300',
627 silly get     etag: '"47d605f4748c2d51d6a3cad8c028a98b"',
627 silly get     'last-modified': 'Sat, 17 Apr 2021 15:45:55 GMT',
627 silly get     vary: 'Accept-Encoding',
627 silly get     'cf-cache-status': 'HIT',
627 silly get     'expect-ct': 'max-age=604800, report-uri="https://report-uri.cloudflare.com/cdn-cgi/beacon/expect-ct"',
627 silly get     server: 'cloudflare' } ]
628 verbose etag https://registry.npmjs.org/escape-string-regexp from cache
629 verbose get saving escape-string-regexp to /home/vagrant/.npm/registry.npmjs.org/escape-string-regexp/.cache.json
630 http 304 https://registry.npmjs.org/ms
631 verbose headers { date: 'Sat, 11 Dec 2021 03:23:33 GMT',
631 verbose headers   connection: 'keep-alive',
631 verbose headers   'cf-ray': '6bbb9850990f6324-ORD',
631 verbose headers   age: '212',
631 verbose headers   'cache-control': 'public, max-age=300',
631 verbose headers   etag: '"b92a3ca993ddf3a856332e41fb7ed8f3"',
631 verbose headers   'last-modified': 'Tue, 07 Dec 2021 20:06:20 GMT',
631 verbose headers   vary: 'Accept-Encoding',
631 verbose headers   'cf-cache-status': 'HIT',
631 verbose headers   'expect-ct': 'max-age=604800, report-uri="https://report-uri.cloudflare.com/cdn-cgi/beacon/expect-ct"',
631 verbose headers   'x-amz-replication-status': 'PENDING',
631 verbose headers   server: 'cloudflare' }
632 silly get cb [ 304,
632 silly get   { date: 'Sat, 11 Dec 2021 03:23:33 GMT',
632 silly get     connection: 'keep-alive',
632 silly get     'cf-ray': '6bbb9850990f6324-ORD',
632 silly get     age: '212',
632 silly get     'cache-control': 'public, max-age=300',
632 silly get     etag: '"b92a3ca993ddf3a856332e41fb7ed8f3"',
632 silly get     'last-modified': 'Tue, 07 Dec 2021 20:06:20 GMT',
632 silly get     vary: 'Accept-Encoding',
632 silly get     'cf-cache-status': 'HIT',
632 silly get     'expect-ct': 'max-age=604800, report-uri="https://report-uri.cloudflare.com/cdn-cgi/beacon/expect-ct"',
632 silly get     'x-amz-replication-status': 'PENDING',
632 silly get     server: 'cloudflare' } ]
633 verbose etag https://registry.npmjs.org/ms from cache
634 verbose get saving ms to /home/vagrant/.npm/registry.npmjs.org/ms/.cache.json
635 http 304 https://registry.npmjs.org/supports-color
636 verbose headers { date: 'Sat, 11 Dec 2021 03:23:33 GMT',
636 verbose headers   connection: 'keep-alive',
636 verbose headers   'cf-ray': '6bbb9850ad66f22e-ORD',
636 verbose headers   age: '43',
636 verbose headers   'cache-control': 'public, max-age=300',
636 verbose headers   etag: '"2a9c1c4f22c7c2ac1d4288abe7ae97b4"',
636 verbose headers   'last-modified': 'Fri, 26 Nov 2021 09:33:28 GMT',
636 verbose headers   vary: 'Accept-Encoding',
636 verbose headers   'cf-cache-status': 'HIT',
636 verbose headers   'expect-ct': 'max-age=604800, report-uri="https://report-uri.cloudflare.com/cdn-cgi/beacon/expect-ct"',
636 verbose headers   'x-amz-replication-status': 'PENDING',
636 verbose headers   server: 'cloudflare' }
637 silly get cb [ 304,
637 silly get   { date: 'Sat, 11 Dec 2021 03:23:33 GMT',
637 silly get     connection: 'keep-alive',
637 silly get     'cf-ray': '6bbb9850ad66f22e-ORD',
637 silly get     age: '43',
637 silly get     'cache-control': 'public, max-age=300',
637 silly get     etag: '"2a9c1c4f22c7c2ac1d4288abe7ae97b4"',
637 silly get     'last-modified': 'Fri, 26 Nov 2021 09:33:28 GMT',
637 silly get     vary: 'Accept-Encoding',
637 silly get     'cf-cache-status': 'HIT',
637 silly get     'expect-ct': 'max-age=604800, report-uri="https://report-uri.cloudflare.com/cdn-cgi/beacon/expect-ct"',
637 silly get     'x-amz-replication-status': 'PENDING',
637 silly get     server: 'cloudflare' } ]
638 verbose etag https://registry.npmjs.org/supports-color from cache
639 verbose get saving supports-color to /home/vagrant/.npm/registry.npmjs.org/supports-color/.cache.json
640 http 304 https://registry.npmjs.org/nanoid
641 verbose headers { date: 'Sat, 11 Dec 2021 03:23:33 GMT',
641 verbose headers   connection: 'keep-alive',
641 verbose headers   'cf-ray': '6bbb9850aa7f2a24-ORD',
641 verbose headers   age: '272',
641 verbose headers   'cache-control': 'public, max-age=300',
641 verbose headers   etag: '"bcab76065e652cd7e18e0884ade99759"',
641 verbose headers   'last-modified': 'Wed, 13 Oct 2021 23:00:52 GMT',
641 verbose headers   vary: 'Accept-Encoding',
641 verbose headers   'cf-cache-status': 'HIT',
641 verbose headers   'expect-ct': 'max-age=604800, report-uri="https://report-uri.cloudflare.com/cdn-cgi/beacon/expect-ct"',
641 verbose headers   'x-amz-replication-status': 'COMPLETED',
641 verbose headers   server: 'cloudflare' }
642 silly get cb [ 304,
642 silly get   { date: 'Sat, 11 Dec 2021 03:23:33 GMT',
642 silly get     connection: 'keep-alive',
642 silly get     'cf-ray': '6bbb9850aa7f2a24-ORD',
642 silly get     age: '272',
642 silly get     'cache-control': 'public, max-age=300',
642 silly get     etag: '"bcab76065e652cd7e18e0884ade99759"',
642 silly get     'last-modified': 'Wed, 13 Oct 2021 23:00:52 GMT',
642 silly get     vary: 'Accept-Encoding',
642 silly get     'cf-cache-status': 'HIT',
642 silly get     'expect-ct': 'max-age=604800, report-uri="https://report-uri.cloudflare.com/cdn-cgi/beacon/expect-ct"',
642 silly get     'x-amz-replication-status': 'COMPLETED',
642 silly get     server: 'cloudflare' } ]
643 verbose etag https://registry.npmjs.org/nanoid from cache
644 verbose get saving nanoid to /home/vagrant/.npm/registry.npmjs.org/nanoid/.cache.json
645 http 304 https://registry.npmjs.org/find-up
646 verbose headers { date: 'Sat, 11 Dec 2021 03:23:33 GMT',
646 verbose headers   connection: 'keep-alive',
646 verbose headers   'cf-ray': '6bbb98508c262bb1-ORD',
646 verbose headers   age: '237',
646 verbose headers   'cache-control': 'public, max-age=300',
646 verbose headers   etag: '"c116ff851cb38f0e59814f08c1a052ce"',
646 verbose headers   'last-modified': 'Thu, 07 Oct 2021 14:57:00 GMT',
646 verbose headers   vary: 'Accept-Encoding',
646 verbose headers   'cf-cache-status': 'HIT',
646 verbose headers   'expect-ct': 'max-age=604800, report-uri="https://report-uri.cloudflare.com/cdn-cgi/beacon/expect-ct"',
646 verbose headers   'x-amz-replication-status': 'PENDING',
646 verbose headers   server: 'cloudflare' }
647 silly get cb [ 304,
647 silly get   { date: 'Sat, 11 Dec 2021 03:23:33 GMT',
647 silly get     connection: 'keep-alive',
647 silly get     'cf-ray': '6bbb98508c262bb1-ORD',
647 silly get     age: '237',
647 silly get     'cache-control': 'public, max-age=300',
647 silly get     etag: '"c116ff851cb38f0e59814f08c1a052ce"',
647 silly get     'last-modified': 'Thu, 07 Oct 2021 14:57:00 GMT',
647 silly get     vary: 'Accept-Encoding',
647 silly get     'cf-cache-status': 'HIT',
647 silly get     'expect-ct': 'max-age=604800, report-uri="https://report-uri.cloudflare.com/cdn-cgi/beacon/expect-ct"',
647 silly get     'x-amz-replication-status': 'PENDING',
647 silly get     server: 'cloudflare' } ]
648 verbose etag https://registry.npmjs.org/find-up from cache
649 verbose get saving find-up to /home/vagrant/.npm/registry.npmjs.org/find-up/.cache.json
650 http 304 https://registry.npmjs.org/@ungap%2fpromise-all-settled
651 verbose headers { date: 'Sat, 11 Dec 2021 03:23:33 GMT',
651 verbose headers   connection: 'keep-alive',
651 verbose headers   'cf-ray': '6bbb98508a872aae-ORD',
651 verbose headers   age: '225',
651 verbose headers   'cache-control': 'public, max-age=300',
651 verbose headers   etag: '"2cdb74871b650d32d4a6d967a197e67a"',
651 verbose headers   'last-modified': 'Tue, 21 Jul 2020 14:49:27 GMT',
651 verbose headers   vary: 'Accept-Encoding',
651 verbose headers   'cf-cache-status': 'HIT',
651 verbose headers   'expect-ct': 'max-age=604800, report-uri="https://report-uri.cloudflare.com/cdn-cgi/beacon/expect-ct"',
651 verbose headers   server: 'cloudflare' }
652 silly get cb [ 304,
652 silly get   { date: 'Sat, 11 Dec 2021 03:23:33 GMT',
652 silly get     connection: 'keep-alive',
652 silly get     'cf-ray': '6bbb98508a872aae-ORD',
652 silly get     age: '225',
652 silly get     'cache-control': 'public, max-age=300',
652 silly get     etag: '"2cdb74871b650d32d4a6d967a197e67a"',
652 silly get     'last-modified': 'Tue, 21 Jul 2020 14:49:27 GMT',
652 silly get     vary: 'Accept-Encoding',
652 silly get     'cf-cache-status': 'HIT',
652 silly get     'expect-ct': 'max-age=604800, report-uri="https://report-uri.cloudflare.com/cdn-cgi/beacon/expect-ct"',
652 silly get     server: 'cloudflare' } ]
653 verbose etag https://registry.npmjs.org/@ungap%2fpromise-all-settled from cache
654 verbose get saving @ungap/promise-all-settled to /home/vagrant/.npm/registry.npmjs.org/_40ungap_252fpromise-all-settled/.cache.json
655 http 304 https://registry.npmjs.org/which
656 verbose headers { date: 'Sat, 11 Dec 2021 03:23:33 GMT',
656 verbose headers   connection: 'keep-alive',
656 verbose headers   'cf-ray': '6bbb9850a8622a36-ORD',
656 verbose headers   age: '193',
656 verbose headers   'cache-control': 'public, max-age=300',
656 verbose headers   etag: '"99e52592fb7e0843a2eb8fdaa9893967"',
656 verbose headers   'last-modified': 'Fri, 29 Oct 2021 14:53:19 GMT',
656 verbose headers   vary: 'Accept-Encoding',
656 verbose headers   'cf-cache-status': 'HIT',
656 verbose headers   'expect-ct': 'max-age=604800, report-uri="https://report-uri.cloudflare.com/cdn-cgi/beacon/expect-ct"',
656 verbose headers   'x-amz-replication-status': 'PENDING',
656 verbose headers   server: 'cloudflare' }
657 silly get cb [ 304,
657 silly get   { date: 'Sat, 11 Dec 2021 03:23:33 GMT',
657 silly get     connection: 'keep-alive',
657 silly get     'cf-ray': '6bbb9850a8622a36-ORD',
657 silly get     age: '193',
657 silly get     'cache-control': 'public, max-age=300',
657 silly get     etag: '"99e52592fb7e0843a2eb8fdaa9893967"',
657 silly get     'last-modified': 'Fri, 29 Oct 2021 14:53:19 GMT',
657 silly get     vary: 'Accept-Encoding',
657 silly get     'cf-cache-status': 'HIT',
657 silly get     'expect-ct': 'max-age=604800, report-uri="https://report-uri.cloudflare.com/cdn-cgi/beacon/expect-ct"',
657 silly get     'x-amz-replication-status': 'PENDING',
657 silly get     server: 'cloudflare' } ]
658 verbose etag https://registry.npmjs.org/which from cache
659 verbose get saving which to /home/vagrant/.npm/registry.npmjs.org/which/.cache.json
660 silly resolveWithNewModule debug@4.3.2 checking installable status
661 silly cache add args [ 'debug@4.3.2', null ]
662 verbose cache add spec debug@4.3.2
663 silly cache add parsed spec Result {
663 silly cache add   raw: 'debug@4.3.2',
663 silly cache add   scope: null,
663 silly cache add   name: 'debug',
663 silly cache add   rawSpec: '4.3.2',
663 silly cache add   spec: '4.3.2',
663 silly cache add   type: 'version' }
664 silly addNamed debug@4.3.2
665 verbose addNamed "4.3.2" is a plain semver version for debug
666 silly mapToRegistry name debug
667 silly mapToRegistry using default registry
668 silly mapToRegistry registry https://registry.npmjs.org/
669 silly mapToRegistry uri https://registry.npmjs.org/debug
670 verbose addNameVersion registry:https://registry.npmjs.org/debug not in flight; fetching
671 silly resolveWithNewModule browser-stdout@1.3.1 checking installable status
672 silly cache add args [ 'browser-stdout@1.3.1', null ]
673 verbose cache add spec browser-stdout@1.3.1
674 silly cache add parsed spec Result {
674 silly cache add   raw: 'browser-stdout@1.3.1',
674 silly cache add   scope: null,
674 silly cache add   name: 'browser-stdout',
674 silly cache add   rawSpec: '1.3.1',
674 silly cache add   spec: '1.3.1',
674 silly cache add   type: 'version' }
675 silly addNamed browser-stdout@1.3.1
676 verbose addNamed "1.3.1" is a plain semver version for browser-stdout
677 silly mapToRegistry name browser-stdout
678 silly mapToRegistry using default registry
679 silly mapToRegistry registry https://registry.npmjs.org/
680 silly mapToRegistry uri https://registry.npmjs.org/browser-stdout
681 verbose addNameVersion registry:https://registry.npmjs.org/browser-stdout not in flight; fetching
682 http 304 https://registry.npmjs.org/yargs-unparser
683 verbose headers { date: 'Sat, 11 Dec 2021 03:23:33 GMT',
683 verbose headers   connection: 'keep-alive',
683 verbose headers   'cf-ray': '6bbb9850cf95c504-ORD',
683 verbose headers   age: '262',
683 verbose headers   'cache-control': 'public, max-age=300',
683 verbose headers   etag: '"9793c0883936c22610f7230a3fcd0300"',
683 verbose headers   'last-modified': 'Fri, 02 Oct 2020 00:21:44 GMT',
683 verbose headers   vary: 'Accept-Encoding',
683 verbose headers   'cf-cache-status': 'HIT',
683 verbose headers   'expect-ct': 'max-age=604800, report-uri="https://report-uri.cloudflare.com/cdn-cgi/beacon/expect-ct"',
683 verbose headers   server: 'cloudflare' }
684 silly get cb [ 304,
684 silly get   { date: 'Sat, 11 Dec 2021 03:23:33 GMT',
684 silly get     connection: 'keep-alive',
684 silly get     'cf-ray': '6bbb9850cf95c504-ORD',
684 silly get     age: '262',
684 silly get     'cache-control': 'public, max-age=300',
684 silly get     etag: '"9793c0883936c22610f7230a3fcd0300"',
684 silly get     'last-modified': 'Fri, 02 Oct 2020 00:21:44 GMT',
684 silly get     vary: 'Accept-Encoding',
684 silly get     'cf-cache-status': 'HIT',
684 silly get     'expect-ct': 'max-age=604800, report-uri="https://report-uri.cloudflare.com/cdn-cgi/beacon/expect-ct"',
684 silly get     server: 'cloudflare' } ]
685 verbose etag https://registry.npmjs.org/yargs-unparser from cache
686 verbose get saving yargs-unparser to /home/vagrant/.npm/registry.npmjs.org/yargs-unparser/.cache.json
687 http 200 https://registry.npmjs.org/log-symbols
688 verbose headers { date: 'Sat, 11 Dec 2021 03:23:33 GMT',
688 verbose headers   'content-type': 'application/json',
688 verbose headers   'transfer-encoding': 'chunked',
688 verbose headers   connection: 'keep-alive',
688 verbose headers   'cf-ray': '6bbb9850aa642a51-ORD',
688 verbose headers   age: '77',
688 verbose headers   'cache-control': 'public, max-age=300',
688 verbose headers   etag: 'W/"976f154e7a31848e8ef70e072806fc7a"',
688 verbose headers   'last-modified': 'Sat, 04 Dec 2021 16:43:18 GMT',
688 verbose headers   vary: 'accept-encoding, accept',
688 verbose headers   'cf-cache-status': 'HIT',
688 verbose headers   'expect-ct': 'max-age=604800, report-uri="https://report-uri.cloudflare.com/cdn-cgi/beacon/expect-ct"',
688 verbose headers   'x-amz-replication-status': 'COMPLETED',
688 verbose headers   server: 'cloudflare',
688 verbose headers   'content-encoding': 'gzip' }
689 silly get cb [ 200,
689 silly get   { date: 'Sat, 11 Dec 2021 03:23:33 GMT',
689 silly get     'content-type': 'application/json',
689 silly get     'transfer-encoding': 'chunked',
689 silly get     connection: 'keep-alive',
689 silly get     'cf-ray': '6bbb9850aa642a51-ORD',
689 silly get     age: '77',
689 silly get     'cache-control': 'public, max-age=300',
689 silly get     etag: 'W/"976f154e7a31848e8ef70e072806fc7a"',
689 silly get     'last-modified': 'Sat, 04 Dec 2021 16:43:18 GMT',
689 silly get     vary: 'accept-encoding, accept',
689 silly get     'cf-cache-status': 'HIT',
689 silly get     'expect-ct': 'max-age=604800, report-uri="https://report-uri.cloudflare.com/cdn-cgi/beacon/expect-ct"',
689 silly get     'x-amz-replication-status': 'COMPLETED',
689 silly get     server: 'cloudflare',
689 silly get     'content-encoding': 'gzip' } ]
690 verbose get saving log-symbols to /home/vagrant/.npm/registry.npmjs.org/log-symbols/.cache.json
691 silly resolveWithNewModule diff@5.0.0 checking installable status
692 silly cache add args [ 'diff@5.0.0', null ]
693 verbose cache add spec diff@5.0.0
694 silly cache add parsed spec Result {
694 silly cache add   raw: 'diff@5.0.0',
694 silly cache add   scope: null,
694 silly cache add   name: 'diff',
694 silly cache add   rawSpec: '5.0.0',
694 silly cache add   spec: '5.0.0',
694 silly cache add   type: 'version' }
695 silly addNamed diff@5.0.0
696 verbose addNamed "5.0.0" is a plain semver version for diff
697 silly mapToRegistry name diff
698 silly mapToRegistry using default registry
699 silly mapToRegistry registry https://registry.npmjs.org/
700 silly mapToRegistry uri https://registry.npmjs.org/diff
701 verbose addNameVersion registry:https://registry.npmjs.org/diff not in flight; fetching
702 silly resolveWithNewModule workerpool@6.1.5 checking installable status
703 silly cache add args [ 'workerpool@6.1.5', null ]
704 verbose cache add spec workerpool@6.1.5
705 silly cache add parsed spec Result {
705 silly cache add   raw: 'workerpool@6.1.5',
705 silly cache add   scope: null,
705 silly cache add   name: 'workerpool',
705 silly cache add   rawSpec: '6.1.5',
705 silly cache add   spec: '6.1.5',
705 silly cache add   type: 'version' }
706 silly addNamed workerpool@6.1.5
707 verbose addNamed "6.1.5" is a plain semver version for workerpool
708 silly mapToRegistry name workerpool
709 silly mapToRegistry using default registry
710 silly mapToRegistry registry https://registry.npmjs.org/
711 silly mapToRegistry uri https://registry.npmjs.org/workerpool
712 verbose addNameVersion registry:https://registry.npmjs.org/workerpool not in flight; fetching
713 silly resolveWithNewModule glob@7.1.7 checking installable status
714 silly cache add args [ 'glob@7.1.7', null ]
715 verbose cache add spec glob@7.1.7
716 silly cache add parsed spec Result {
716 silly cache add   raw: 'glob@7.1.7',
716 silly cache add   scope: null,
716 silly cache add   name: 'glob',
716 silly cache add   rawSpec: '7.1.7',
716 silly cache add   spec: '7.1.7',
716 silly cache add   type: 'version' }
717 silly addNamed glob@7.1.7
718 verbose addNamed "7.1.7" is a plain semver version for glob
719 silly mapToRegistry name glob
720 silly mapToRegistry using default registry
721 silly mapToRegistry registry https://registry.npmjs.org/
722 silly mapToRegistry uri https://registry.npmjs.org/glob
723 verbose addNameVersion registry:https://registry.npmjs.org/glob not in flight; fetching
724 silly resolveWithNewModule serialize-javascript@6.0.0 checking installable status
725 silly cache add args [ 'serialize-javascript@6.0.0', null ]
726 verbose cache add spec serialize-javascript@6.0.0
727 silly cache add parsed spec Result {
727 silly cache add   raw: 'serialize-javascript@6.0.0',
727 silly cache add   scope: null,
727 silly cache add   name: 'serialize-javascript',
727 silly cache add   rawSpec: '6.0.0',
727 silly cache add   spec: '6.0.0',
727 silly cache add   type: 'version' }
728 silly addNamed serialize-javascript@6.0.0
729 verbose addNamed "6.0.0" is a plain semver version for serialize-javascript
730 silly mapToRegistry name serialize-javascript
731 silly mapToRegistry using default registry
732 silly mapToRegistry registry https://registry.npmjs.org/
733 silly mapToRegistry uri https://registry.npmjs.org/serialize-javascript
734 verbose addNameVersion registry:https://registry.npmjs.org/serialize-javascript not in flight; fetching
735 silly resolveWithNewModule strip-json-comments@3.1.1 checking installable status
736 silly cache add args [ 'strip-json-comments@3.1.1', null ]
737 verbose cache add spec strip-json-comments@3.1.1
738 silly cache add parsed spec Result {
738 silly cache add   raw: 'strip-json-comments@3.1.1',
738 silly cache add   scope: null,
738 silly cache add   name: 'strip-json-comments',
738 silly cache add   rawSpec: '3.1.1',
738 silly cache add   spec: '3.1.1',
738 silly cache add   type: 'version' }
739 silly addNamed strip-json-comments@3.1.1
740 verbose addNamed "3.1.1" is a plain semver version for strip-json-comments
741 silly mapToRegistry name strip-json-comments
742 silly mapToRegistry using default registry
743 silly mapToRegistry registry https://registry.npmjs.org/
744 silly mapToRegistry uri https://registry.npmjs.org/strip-json-comments
745 verbose addNameVersion registry:https://registry.npmjs.org/strip-json-comments not in flight; fetching
746 silly resolveWithNewModule he@1.2.0 checking installable status
747 silly cache add args [ 'he@1.2.0', null ]
748 verbose cache add spec he@1.2.0
749 silly cache add parsed spec Result {
749 silly cache add   raw: 'he@1.2.0',
749 silly cache add   scope: null,
749 silly cache add   name: 'he',
749 silly cache add   rawSpec: '1.2.0',
749 silly cache add   spec: '1.2.0',
749 silly cache add   type: 'version' }
750 silly addNamed he@1.2.0
751 verbose addNamed "1.2.0" is a plain semver version for he
752 silly mapToRegistry name he
753 silly mapToRegistry using default registry
754 silly mapToRegistry registry https://registry.npmjs.org/
755 silly mapToRegistry uri https://registry.npmjs.org/he
756 verbose addNameVersion registry:https://registry.npmjs.org/he not in flight; fetching
757 http 304 https://registry.npmjs.org/yargs
758 verbose headers { date: 'Sat, 11 Dec 2021 03:23:33 GMT',
758 verbose headers   connection: 'keep-alive',
758 verbose headers   'cf-ray': '6bbb9850fe6df242-ORD',
758 verbose headers   age: '9',
758 verbose headers   'cache-control': 'public, max-age=300',
758 verbose headers   etag: '"d2f84786d76f5de800b9113640c9abf4"',
758 verbose headers   'last-modified': 'Tue, 30 Nov 2021 19:00:24 GMT',
758 verbose headers   vary: 'Accept-Encoding',
758 verbose headers   'cf-cache-status': 'HIT',
758 verbose headers   'expect-ct': 'max-age=604800, report-uri="https://report-uri.cloudflare.com/cdn-cgi/beacon/expect-ct"',
758 verbose headers   'x-amz-replication-status': 'PENDING',
758 verbose headers   server: 'cloudflare' }
759 silly get cb [ 304,
759 silly get   { date: 'Sat, 11 Dec 2021 03:23:33 GMT',
759 silly get     connection: 'keep-alive',
759 silly get     'cf-ray': '6bbb9850fe6df242-ORD',
759 silly get     age: '9',
759 silly get     'cache-control': 'public, max-age=300',
759 silly get     etag: '"d2f84786d76f5de800b9113640c9abf4"',
759 silly get     'last-modified': 'Tue, 30 Nov 2021 19:00:24 GMT',
759 silly get     vary: 'Accept-Encoding',
759 silly get     'cf-cache-status': 'HIT',
759 silly get     'expect-ct': 'max-age=604800, report-uri="https://report-uri.cloudflare.com/cdn-cgi/beacon/expect-ct"',
759 silly get     'x-amz-replication-status': 'PENDING',
759 silly get     server: 'cloudflare' } ]
760 verbose etag https://registry.npmjs.org/yargs from cache
761 verbose get saving yargs to /home/vagrant/.npm/registry.npmjs.org/yargs/.cache.json
762 verbose get https://registry.npmjs.org/debug not expired, no request
763 verbose get https://registry.npmjs.org/browser-stdout not expired, no request
764 silly resolveWithNewModule js-yaml@4.1.0 checking installable status
765 silly cache add args [ 'js-yaml@4.1.0', null ]
766 verbose cache add spec js-yaml@4.1.0
767 silly cache add parsed spec Result {
767 silly cache add   raw: 'js-yaml@4.1.0',
767 silly cache add   scope: null,
767 silly cache add   name: 'js-yaml',
767 silly cache add   rawSpec: '4.1.0',
767 silly cache add   spec: '4.1.0',
767 silly cache add   type: 'version' }
768 silly addNamed js-yaml@4.1.0
769 verbose addNamed "4.1.0" is a plain semver version for js-yaml
770 silly mapToRegistry name js-yaml
771 silly mapToRegistry using default registry
772 silly mapToRegistry registry https://registry.npmjs.org/
773 silly mapToRegistry uri https://registry.npmjs.org/js-yaml
774 verbose addNameVersion registry:https://registry.npmjs.org/js-yaml not in flight; fetching
775 silly resolveWithNewModule escape-string-regexp@4.0.0 checking installable status
776 silly cache add args [ 'escape-string-regexp@4.0.0', null ]
777 verbose cache add spec escape-string-regexp@4.0.0
778 silly cache add parsed spec Result {
778 silly cache add   raw: 'escape-string-regexp@4.0.0',
778 silly cache add   scope: null,
778 silly cache add   name: 'escape-string-regexp',
778 silly cache add   rawSpec: '4.0.0',
778 silly cache add   spec: '4.0.0',
778 silly cache add   type: 'version' }
779 silly addNamed escape-string-regexp@4.0.0
780 verbose addNamed "4.0.0" is a plain semver version for escape-string-regexp
781 silly mapToRegistry name escape-string-regexp
782 silly mapToRegistry using default registry
783 silly mapToRegistry registry https://registry.npmjs.org/
784 silly mapToRegistry uri https://registry.npmjs.org/escape-string-regexp
785 verbose addNameVersion registry:https://registry.npmjs.org/escape-string-regexp not in flight; fetching
786 silly resolveWithNewModule ms@2.1.3 checking installable status
787 silly cache add args [ 'ms@2.1.3', null ]
788 verbose cache add spec ms@2.1.3
789 silly cache add parsed spec Result {
789 silly cache add   raw: 'ms@2.1.3',
789 silly cache add   scope: null,
789 silly cache add   name: 'ms',
789 silly cache add   rawSpec: '2.1.3',
789 silly cache add   spec: '2.1.3',
789 silly cache add   type: 'version' }
790 silly addNamed ms@2.1.3
791 verbose addNamed "2.1.3" is a plain semver version for ms
792 silly mapToRegistry name ms
793 silly mapToRegistry using default registry
794 silly mapToRegistry registry https://registry.npmjs.org/
795 silly mapToRegistry uri https://registry.npmjs.org/ms
796 verbose addNameVersion registry:https://registry.npmjs.org/ms not in flight; fetching
797 http 304 https://registry.npmjs.org/yargs-parser
798 verbose headers { date: 'Sat, 11 Dec 2021 03:23:33 GMT',
798 verbose headers   connection: 'keep-alive',
798 verbose headers   'cf-ray': '6bbb9850fd108178-ORD',
798 verbose headers   age: '3',
798 verbose headers   'cache-control': 'public, max-age=300',
798 verbose headers   etag: '"f4c70208997b42b0139b487e67f4b16b"',
798 verbose headers   'last-modified': 'Tue, 16 Nov 2021 02:49:07 GMT',
798 verbose headers   vary: 'Accept-Encoding',
798 verbose headers   'cf-cache-status': 'HIT',
798 verbose headers   'expect-ct': 'max-age=604800, report-uri="https://report-uri.cloudflare.com/cdn-cgi/beacon/expect-ct"',
798 verbose headers   'x-amz-replication-status': 'PENDING',
798 verbose headers   server: 'cloudflare' }
799 silly get cb [ 304,
799 silly get   { date: 'Sat, 11 Dec 2021 03:23:33 GMT',
799 silly get     connection: 'keep-alive',
799 silly get     'cf-ray': '6bbb9850fd108178-ORD',
799 silly get     age: '3',
799 silly get     'cache-control': 'public, max-age=300',
799 silly get     etag: '"f4c70208997b42b0139b487e67f4b16b"',
799 silly get     'last-modified': 'Tue, 16 Nov 2021 02:49:07 GMT',
799 silly get     vary: 'Accept-Encoding',
799 silly get     'cf-cache-status': 'HIT',
799 silly get     'expect-ct': 'max-age=604800, report-uri="https://report-uri.cloudflare.com/cdn-cgi/beacon/expect-ct"',
799 silly get     'x-amz-replication-status': 'PENDING',
799 silly get     server: 'cloudflare' } ]
800 verbose etag https://registry.npmjs.org/yargs-parser from cache
801 verbose get saving yargs-parser to /home/vagrant/.npm/registry.npmjs.org/yargs-parser/.cache.json
802 silly resolveWithNewModule supports-color@8.1.1 checking installable status
803 silly cache add args [ 'supports-color@8.1.1', null ]
804 verbose cache add spec supports-color@8.1.1
805 silly cache add parsed spec Result {
805 silly cache add   raw: 'supports-color@8.1.1',
805 silly cache add   scope: null,
805 silly cache add   name: 'supports-color',
805 silly cache add   rawSpec: '8.1.1',
805 silly cache add   spec: '8.1.1',
805 silly cache add   type: 'version' }
806 silly addNamed supports-color@8.1.1
807 verbose addNamed "8.1.1" is a plain semver version for supports-color
808 silly mapToRegistry name supports-color
809 silly mapToRegistry using default registry
810 silly mapToRegistry registry https://registry.npmjs.org/
811 silly mapToRegistry uri https://registry.npmjs.org/supports-color
812 verbose addNameVersion registry:https://registry.npmjs.org/supports-color not in flight; fetching
813 verbose get https://registry.npmjs.org/diff not expired, no request
814 verbose stack Error: Missing required argument #1
814 verbose stack     at andLogAndFinish (/usr/share/npm/lib/fetch-package-metadata.js:31:3)
814 verbose stack     at fetchPackageMetadata (/usr/share/npm/lib/fetch-package-metadata.js:51:22)
814 verbose stack     at resolveWithNewModule (/usr/share/npm/lib/install/deps.js:456:12)
814 verbose stack     at /usr/share/npm/lib/install/deps.js:457:7
814 verbose stack     at /usr/share/npm/node_modules/iferr/index.js:13:50
814 verbose stack     at /usr/share/npm/lib/fetch-package-metadata.js:37:12
814 verbose stack     at addRequestedAndFinish (/usr/share/npm/lib/fetch-package-metadata.js:82:5)
814 verbose stack     at returnAndAddMetadata (/usr/share/npm/lib/fetch-package-metadata.js:117:7)
814 verbose stack     at pickVersionFromRegistryDocument (/usr/share/npm/lib/fetch-package-metadata.js:134:20)
814 verbose stack     at /usr/share/npm/node_modules/iferr/index.js:13:50
815 verbose cwd /vagrant/w3/tinyapp
816 error Linux 4.4.0-87-generic
817 error argv "/usr/bin/nodejs" "/usr/bin/npm" "install" "mocha" "chai" "--save-dev"
818 error node v4.2.6
819 error npm  v3.5.2
820 error code EMISSINGARG
821 error typeerror Error: Missing required argument #1
821 error typeerror     at andLogAndFinish (/usr/share/npm/lib/fetch-package-metadata.js:31:3)
821 error typeerror     at fetchPackageMetadata (/usr/share/npm/lib/fetch-package-metadata.js:51:22)
821 error typeerror     at resolveWithNewModule (/usr/share/npm/lib/install/deps.js:456:12)
821 error typeerror     at /usr/share/npm/lib/install/deps.js:457:7
821 error typeerror     at /usr/share/npm/node_modules/iferr/index.js:13:50
821 error typeerror     at /usr/share/npm/lib/fetch-package-metadata.js:37:12
821 error typeerror     at addRequestedAndFinish (/usr/share/npm/lib/fetch-package-metadata.js:82:5)
821 error typeerror     at returnAndAddMetadata (/usr/share/npm/lib/fetch-package-metadata.js:117:7)
821 error typeerror     at pickVersionFromRegistryDocument (/usr/share/npm/lib/fetch-package-metadata.js:134:20)
821 error typeerror     at /usr/share/npm/node_modules/iferr/index.js:13:50
822 error typeerror This is an error with npm itself. Please report this error at:
822 error typeerror     <http://github.com/npm/npm/issues>
823 verbose exit [ 1, true ]
